ARM GAS  C:\Users\yukisaki\AppData\Local\Temp\ccwe8zXW.s 			page 1


   1              		.cpu cortex-m3
   2              		.arch armv7-m
   3              		.fpu softvfp
   4              		.eabi_attribute 20, 1
   5              		.eabi_attribute 21, 1
   6              		.eabi_attribute 23, 3
   7              		.eabi_attribute 24, 1
   8              		.eabi_attribute 25, 1
   9              		.eabi_attribute 26, 1
  10              		.eabi_attribute 30, 1
  11              		.eabi_attribute 34, 1
  12              		.eabi_attribute 18, 2
  13              		.file	"main.c"
  14              		.text
  15              	.Ltext0:
  16              		.cfi_sections	.debug_frame
  17              		.file 1 "Core/Src/main.c"
  18              		.section	.text.MX_GPIO_Init,"ax",%progbits
  19              		.align	1
  20              		.syntax unified
  21              		.thumb
  22              		.thumb_func
  24              	MX_GPIO_Init:
  25              	.LFB68:
   1:Core/Src/main.c **** /* USER CODE BEGIN Header */
   2:Core/Src/main.c **** /**
   3:Core/Src/main.c ****   ******************************************************************************
   4:Core/Src/main.c ****   * @file           : main.c
   5:Core/Src/main.c ****   * @brief          : Main program body
   6:Core/Src/main.c ****   ******************************************************************************
   7:Core/Src/main.c ****   * @attention
   8:Core/Src/main.c ****   *
   9:Core/Src/main.c ****   * Copyright (c) 2025 STMicroelectronics.
  10:Core/Src/main.c ****   * All rights reserved.
  11:Core/Src/main.c ****   *
  12:Core/Src/main.c ****   * This software is licensed under terms that can be found in the LICENSE file
  13:Core/Src/main.c ****   * in the root directory of this software component.
  14:Core/Src/main.c ****   * If no LICENSE file comes with this software, it is provided AS-IS.
  15:Core/Src/main.c ****   *
  16:Core/Src/main.c ****   ******************************************************************************
  17:Core/Src/main.c ****   */
  18:Core/Src/main.c **** /* USER CODE END Header */
  19:Core/Src/main.c **** /* Includes ------------------------------------------------------------------*/
  20:Core/Src/main.c **** #include "main.h"
  21:Core/Src/main.c **** 
  22:Core/Src/main.c **** /* Private includes ----------------------------------------------------------*/
  23:Core/Src/main.c **** /* USER CODE BEGIN Includes */
  24:Core/Src/main.c **** #include "bsp_dwt.h"
  25:Core/Src/main.c **** #include "motor_simulation.h"
  26:Core/Src/main.c **** #include "pid.h"
  27:Core/Src/main.c **** /* USER CODE END Includes */
  28:Core/Src/main.c **** 
  29:Core/Src/main.c **** /* Private typedef -----------------------------------------------------------*/
  30:Core/Src/main.c **** /* USER CODE BEGIN PTD */
  31:Core/Src/main.c **** 
  32:Core/Src/main.c **** /* USER CODE END PTD */
  33:Core/Src/main.c **** 
ARM GAS  C:\Users\yukisaki\AppData\Local\Temp\ccwe8zXW.s 			page 2


  34:Core/Src/main.c **** /* Private define ------------------------------------------------------------*/
  35:Core/Src/main.c **** /* USER CODE BEGIN PD */
  36:Core/Src/main.c **** #define KP 0.01
  37:Core/Src/main.c **** #define KI 0.01
  38:Core/Src/main.c **** #define KD 0.01
  39:Core/Src/main.c **** #define I_TOP 10
  40:Core/Src/main.c **** #define I_BOTTOM -10
  41:Core/Src/main.c **** #define mode velocity_mode
  42:Core/Src/main.c **** 
  43:Core/Src/main.c **** #define velocity_mode 1
  44:Core/Src/main.c **** #define angle_mode 2
  45:Core/Src/main.c **** 
  46:Core/Src/main.c **** /* USER CODE END PD */
  47:Core/Src/main.c **** 
  48:Core/Src/main.c **** /* Private macro -------------------------------------------------------------*/
  49:Core/Src/main.c **** /* USER CODE BEGIN PM */
  50:Core/Src/main.c **** 
  51:Core/Src/main.c **** /* USER CODE END PM */
  52:Core/Src/main.c **** 
  53:Core/Src/main.c **** /* Private variables ---------------------------------------------------------*/
  54:Core/Src/main.c **** UART_HandleTypeDef huart1;
  55:Core/Src/main.c **** 
  56:Core/Src/main.c **** /* USER CODE BEGIN PV */
  57:Core/Src/main.c **** motorObject_t Motor; 
  58:Core/Src/main.c **** pid_t PID;
  59:Core/Src/main.c **** uint32_t DWT_CNT;
  60:Core/Src/main.c **** float dt,t,current,velocity,angle,input,err,tgt = 0;
  61:Core/Src/main.c **** /* USER CODE END PV */
  62:Core/Src/main.c **** 
  63:Core/Src/main.c **** /* Private function prototypes -----------------------------------------------*/
  64:Core/Src/main.c **** void SystemClock_Config(void);
  65:Core/Src/main.c **** static void MX_GPIO_Init(void);
  66:Core/Src/main.c **** static void MX_USART1_UART_Init(void);
  67:Core/Src/main.c **** /* USER CODE BEGIN PFP */
  68:Core/Src/main.c **** 
  69:Core/Src/main.c **** /* USER CODE END PFP */
  70:Core/Src/main.c **** 
  71:Core/Src/main.c **** /* Private user code ---------------------------------------------------------*/
  72:Core/Src/main.c **** /* USER CODE BEGIN 0 */
  73:Core/Src/main.c **** 
  74:Core/Src/main.c **** /* USER CODE END 0 */
  75:Core/Src/main.c **** 
  76:Core/Src/main.c **** /**
  77:Core/Src/main.c ****   * @brief  The application entry point.
  78:Core/Src/main.c ****   * @retval int
  79:Core/Src/main.c ****   */
  80:Core/Src/main.c **** int main(void)
  81:Core/Src/main.c **** {
  82:Core/Src/main.c **** 
  83:Core/Src/main.c ****   /* USER CODE BEGIN 1 */
  84:Core/Src/main.c **** 
  85:Core/Src/main.c ****   /* USER CODE END 1 */
  86:Core/Src/main.c **** 
  87:Core/Src/main.c ****   /* MCU Configuration--------------------------------------------------------*/
  88:Core/Src/main.c **** 
  89:Core/Src/main.c ****   /* Reset of all peripherals, Initializes the Flash interface and the Systick. */
  90:Core/Src/main.c ****   HAL_Init();
ARM GAS  C:\Users\yukisaki\AppData\Local\Temp\ccwe8zXW.s 			page 3


  91:Core/Src/main.c **** 
  92:Core/Src/main.c ****   /* USER CODE BEGIN Init */
  93:Core/Src/main.c **** 
  94:Core/Src/main.c ****   /* USER CODE END Init */
  95:Core/Src/main.c **** 
  96:Core/Src/main.c ****   /* Configure the system clock */
  97:Core/Src/main.c ****   SystemClock_Config();
  98:Core/Src/main.c **** 
  99:Core/Src/main.c ****   /* USER CODE BEGIN SysInit */
 100:Core/Src/main.c **** 
 101:Core/Src/main.c ****   /* USER CODE END SysInit */
 102:Core/Src/main.c **** 
 103:Core/Src/main.c ****   /* Initialize all configured peripherals */
 104:Core/Src/main.c ****   MX_GPIO_Init();
 105:Core/Src/main.c ****   MX_USART1_UART_Init();
 106:Core/Src/main.c ****   /* USER CODE BEGIN 2 */
 107:Core/Src/main.c ****   DWT_Init(72);
 108:Core/Src/main.c ****   Motor_Object_Init(&Motor);
 109:Core/Src/main.c ****   pid_init(&PID,KP,KI,KD,I_TOP,I_BOTTOM);
 110:Core/Src/main.c **** 
 111:Core/Src/main.c ****   tgt = 1;
 112:Core/Src/main.c **** 
 113:Core/Src/main.c ****   /* USER CODE END 2 */
 114:Core/Src/main.c **** 
 115:Core/Src/main.c ****   /* Infinite loop */
 116:Core/Src/main.c ****   /* USER CODE BEGIN WHILE */
 117:Core/Src/main.c ****   while (1)
 118:Core/Src/main.c ****   {
 119:Core/Src/main.c ****     dt = DWT_GetDeltaT(&DWT_CNT);//利用DWT定时器获得仿真周期
 120:Core/Src/main.c ****     t += dt;
 121:Core/Src/main.c ****     current = Get_Motor_Current(&Motor);//读取电机电流
 122:Core/Src/main.c ****     velocity = Get_Motor_Velocity(&Motor);//读取电机转速
 123:Core/Src/main.c ****     angle = Get_Motor_Angle(&Motor);//读取电机角度
 124:Core/Src/main.c **** 
 125:Core/Src/main.c ****     switch (mode)
 126:Core/Src/main.c ****     {
 127:Core/Src/main.c ****     case velocity_mode:
 128:Core/Src/main.c ****       err = tgt - velocity;
 129:Core/Src/main.c ****       break;
 130:Core/Src/main.c ****     
 131:Core/Src/main.c ****     case angle_mode:
 132:Core/Src/main.c ****       err = tgt - angle;
 133:Core/Src/main.c ****       break;
 134:Core/Src/main.c **** 
 135:Core/Src/main.c ****     default:
 136:Core/Src/main.c ****       break;
 137:Core/Src/main.c ****     }
 138:Core/Src/main.c **** 
 139:Core/Src/main.c ****     input = pid_calc(&PID,err);//自行编写PID计算函数，计算出输入电压
 140:Core/Src/main.c ****     Motor_Simulation(&Motor,input,dt);
 141:Core/Src/main.c ****     /* USER CODE END WHILE */
 142:Core/Src/main.c **** 
 143:Core/Src/main.c ****     /* USER CODE BEGIN 3 */
 144:Core/Src/main.c ****     HAL_Delay(1);
 145:Core/Src/main.c ****   }
 146:Core/Src/main.c ****   /* USER CODE END 3 */
 147:Core/Src/main.c **** }
ARM GAS  C:\Users\yukisaki\AppData\Local\Temp\ccwe8zXW.s 			page 4


 148:Core/Src/main.c **** 
 149:Core/Src/main.c **** /**
 150:Core/Src/main.c ****   * @brief System Clock Configuration
 151:Core/Src/main.c ****   * @retval None
 152:Core/Src/main.c ****   */
 153:Core/Src/main.c **** void SystemClock_Config(void)
 154:Core/Src/main.c **** {
 155:Core/Src/main.c ****   RCC_OscInitTypeDef RCC_OscInitStruct = {0};
 156:Core/Src/main.c ****   RCC_ClkInitTypeDef RCC_ClkInitStruct = {0};
 157:Core/Src/main.c **** 
 158:Core/Src/main.c ****   /** Initializes the RCC Oscillators according to the specified parameters
 159:Core/Src/main.c ****   * in the RCC_OscInitTypeDef structure.
 160:Core/Src/main.c ****   */
 161:Core/Src/main.c ****   RCC_OscInitStruct.OscillatorType = RCC_OSCILLATORTYPE_HSE;
 162:Core/Src/main.c ****   RCC_OscInitStruct.HSEState = RCC_HSE_ON;
 163:Core/Src/main.c ****   RCC_OscInitStruct.HSEPredivValue = RCC_HSE_PREDIV_DIV1;
 164:Core/Src/main.c ****   RCC_OscInitStruct.HSIState = RCC_HSI_ON;
 165:Core/Src/main.c ****   RCC_OscInitStruct.PLL.PLLState = RCC_PLL_ON;
 166:Core/Src/main.c ****   RCC_OscInitStruct.PLL.PLLSource = RCC_PLLSOURCE_HSE;
 167:Core/Src/main.c ****   RCC_OscInitStruct.PLL.PLLMUL = RCC_PLL_MUL9;
 168:Core/Src/main.c ****   if (HAL_RCC_OscConfig(&RCC_OscInitStruct) != HAL_OK)
 169:Core/Src/main.c ****   {
 170:Core/Src/main.c ****     Error_Handler();
 171:Core/Src/main.c ****   }
 172:Core/Src/main.c **** 
 173:Core/Src/main.c ****   /** Initializes the CPU, AHB and APB buses clocks
 174:Core/Src/main.c ****   */
 175:Core/Src/main.c ****   RCC_ClkInitStruct.ClockType = RCC_CLOCKTYPE_HCLK|RCC_CLOCKTYPE_SYSCLK
 176:Core/Src/main.c ****                               |RCC_CLOCKTYPE_PCLK1|RCC_CLOCKTYPE_PCLK2;
 177:Core/Src/main.c ****   RCC_ClkInitStruct.SYSCLKSource = RCC_SYSCLKSOURCE_PLLCLK;
 178:Core/Src/main.c ****   RCC_ClkInitStruct.AHBCLKDivider = RCC_SYSCLK_DIV1;
 179:Core/Src/main.c ****   RCC_ClkInitStruct.APB1CLKDivider = RCC_HCLK_DIV2;
 180:Core/Src/main.c ****   RCC_ClkInitStruct.APB2CLKDivider = RCC_HCLK_DIV1;
 181:Core/Src/main.c **** 
 182:Core/Src/main.c ****   if (HAL_RCC_ClockConfig(&RCC_ClkInitStruct, FLASH_LATENCY_2) != HAL_OK)
 183:Core/Src/main.c ****   {
 184:Core/Src/main.c ****     Error_Handler();
 185:Core/Src/main.c ****   }
 186:Core/Src/main.c **** }
 187:Core/Src/main.c **** 
 188:Core/Src/main.c **** /**
 189:Core/Src/main.c ****   * @brief USART1 Initialization Function
 190:Core/Src/main.c ****   * @param None
 191:Core/Src/main.c ****   * @retval None
 192:Core/Src/main.c ****   */
 193:Core/Src/main.c **** static void MX_USART1_UART_Init(void)
 194:Core/Src/main.c **** {
 195:Core/Src/main.c **** 
 196:Core/Src/main.c ****   /* USER CODE BEGIN USART1_Init 0 */
 197:Core/Src/main.c **** 
 198:Core/Src/main.c ****   /* USER CODE END USART1_Init 0 */
 199:Core/Src/main.c **** 
 200:Core/Src/main.c ****   /* USER CODE BEGIN USART1_Init 1 */
 201:Core/Src/main.c **** 
 202:Core/Src/main.c ****   /* USER CODE END USART1_Init 1 */
 203:Core/Src/main.c ****   huart1.Instance = USART1;
 204:Core/Src/main.c ****   huart1.Init.BaudRate = 115200;
ARM GAS  C:\Users\yukisaki\AppData\Local\Temp\ccwe8zXW.s 			page 5


 205:Core/Src/main.c ****   huart1.Init.WordLength = UART_WORDLENGTH_8B;
 206:Core/Src/main.c ****   huart1.Init.StopBits = UART_STOPBITS_1;
 207:Core/Src/main.c ****   huart1.Init.Parity = UART_PARITY_NONE;
 208:Core/Src/main.c ****   huart1.Init.Mode = UART_MODE_TX_RX;
 209:Core/Src/main.c ****   huart1.Init.HwFlowCtl = UART_HWCONTROL_NONE;
 210:Core/Src/main.c ****   huart1.Init.OverSampling = UART_OVERSAMPLING_16;
 211:Core/Src/main.c ****   if (HAL_UART_Init(&huart1) != HAL_OK)
 212:Core/Src/main.c ****   {
 213:Core/Src/main.c ****     Error_Handler();
 214:Core/Src/main.c ****   }
 215:Core/Src/main.c ****   /* USER CODE BEGIN USART1_Init 2 */
 216:Core/Src/main.c **** 
 217:Core/Src/main.c ****   /* USER CODE END USART1_Init 2 */
 218:Core/Src/main.c **** 
 219:Core/Src/main.c **** }
 220:Core/Src/main.c **** 
 221:Core/Src/main.c **** /**
 222:Core/Src/main.c ****   * @brief GPIO Initialization Function
 223:Core/Src/main.c ****   * @param None
 224:Core/Src/main.c ****   * @retval None
 225:Core/Src/main.c ****   */
 226:Core/Src/main.c **** static void MX_GPIO_Init(void)
 227:Core/Src/main.c **** {
  26              		.loc 1 227 1 view -0
  27              		.cfi_startproc
  28              		@ args = 0, pretend = 0, frame = 8
  29              		@ frame_needed = 0, uses_anonymous_args = 0
  30              		@ link register save eliminated.
  31 0000 82B0     		sub	sp, sp, #8
  32              	.LCFI0:
  33              		.cfi_def_cfa_offset 8
 228:Core/Src/main.c **** /* USER CODE BEGIN MX_GPIO_Init_1 */
 229:Core/Src/main.c **** /* USER CODE END MX_GPIO_Init_1 */
 230:Core/Src/main.c **** 
 231:Core/Src/main.c ****   /* GPIO Ports Clock Enable */
 232:Core/Src/main.c ****   __HAL_RCC_GPIOD_CLK_ENABLE();
  34              		.loc 1 232 3 view .LVU1
  35              	.LBB4:
  36              		.loc 1 232 3 view .LVU2
  37              		.loc 1 232 3 view .LVU3
  38 0002 0A4B     		ldr	r3, .L3
  39 0004 9A69     		ldr	r2, [r3, #24]
  40 0006 42F02002 		orr	r2, r2, #32
  41 000a 9A61     		str	r2, [r3, #24]
  42              		.loc 1 232 3 view .LVU4
  43 000c 9A69     		ldr	r2, [r3, #24]
  44 000e 02F02002 		and	r2, r2, #32
  45 0012 0092     		str	r2, [sp]
  46              		.loc 1 232 3 view .LVU5
  47 0014 009A     		ldr	r2, [sp]
  48              	.LBE4:
  49              		.loc 1 232 3 view .LVU6
 233:Core/Src/main.c ****   __HAL_RCC_GPIOA_CLK_ENABLE();
  50              		.loc 1 233 3 view .LVU7
  51              	.LBB5:
  52              		.loc 1 233 3 view .LVU8
  53              		.loc 1 233 3 view .LVU9
ARM GAS  C:\Users\yukisaki\AppData\Local\Temp\ccwe8zXW.s 			page 6


  54 0016 9A69     		ldr	r2, [r3, #24]
  55 0018 42F00402 		orr	r2, r2, #4
  56 001c 9A61     		str	r2, [r3, #24]
  57              		.loc 1 233 3 view .LVU10
  58 001e 9B69     		ldr	r3, [r3, #24]
  59 0020 03F00403 		and	r3, r3, #4
  60 0024 0193     		str	r3, [sp, #4]
  61              		.loc 1 233 3 view .LVU11
  62 0026 019B     		ldr	r3, [sp, #4]
  63              	.LBE5:
  64              		.loc 1 233 3 view .LVU12
 234:Core/Src/main.c **** 
 235:Core/Src/main.c **** /* USER CODE BEGIN MX_GPIO_Init_2 */
 236:Core/Src/main.c **** /* USER CODE END MX_GPIO_Init_2 */
 237:Core/Src/main.c **** }
  65              		.loc 1 237 1 is_stmt 0 view .LVU13
  66 0028 02B0     		add	sp, sp, #8
  67              	.LCFI1:
  68              		.cfi_def_cfa_offset 0
  69              		@ sp needed
  70 002a 7047     		bx	lr
  71              	.L4:
  72              		.align	2
  73              	.L3:
  74 002c 00100240 		.word	1073876992
  75              		.cfi_endproc
  76              	.LFE68:
  78              		.section	.text.Error_Handler,"ax",%progbits
  79              		.align	1
  80              		.global	Error_Handler
  81              		.syntax unified
  82              		.thumb
  83              		.thumb_func
  85              	Error_Handler:
  86              	.LFB69:
 238:Core/Src/main.c **** 
 239:Core/Src/main.c **** /* USER CODE BEGIN 4 */
 240:Core/Src/main.c **** 
 241:Core/Src/main.c **** /* USER CODE END 4 */
 242:Core/Src/main.c **** 
 243:Core/Src/main.c **** /**
 244:Core/Src/main.c ****   * @brief  This function is executed in case of error occurrence.
 245:Core/Src/main.c ****   * @retval None
 246:Core/Src/main.c ****   */
 247:Core/Src/main.c **** void Error_Handler(void)
 248:Core/Src/main.c **** {
  87              		.loc 1 248 1 is_stmt 1 view -0
  88              		.cfi_startproc
  89              		@ Volatile: function does not return.
  90              		@ args = 0, pretend = 0, frame = 0
  91              		@ frame_needed = 0, uses_anonymous_args = 0
  92              		@ link register save eliminated.
 249:Core/Src/main.c ****   /* USER CODE BEGIN Error_Handler_Debug */
 250:Core/Src/main.c ****   /* User can add his own implementation to report the HAL error return state */
 251:Core/Src/main.c ****   __disable_irq();
  93              		.loc 1 251 3 view .LVU15
  94              	.LBB6:
ARM GAS  C:\Users\yukisaki\AppData\Local\Temp\ccwe8zXW.s 			page 7


  95              	.LBI6:
  96              		.file 2 "Drivers/CMSIS/Include/cmsis_gcc.h"
   1:Drivers/CMSIS/Include/cmsis_gcc.h **** /**************************************************************************//**
   2:Drivers/CMSIS/Include/cmsis_gcc.h ****  * @file     cmsis_gcc.h
   3:Drivers/CMSIS/Include/cmsis_gcc.h ****  * @brief    CMSIS compiler GCC header file
   4:Drivers/CMSIS/Include/cmsis_gcc.h ****  * @version  V5.0.4
   5:Drivers/CMSIS/Include/cmsis_gcc.h ****  * @date     09. April 2018
   6:Drivers/CMSIS/Include/cmsis_gcc.h ****  ******************************************************************************/
   7:Drivers/CMSIS/Include/cmsis_gcc.h **** /*
   8:Drivers/CMSIS/Include/cmsis_gcc.h ****  * Copyright (c) 2009-2018 Arm Limited. All rights reserved.
   9:Drivers/CMSIS/Include/cmsis_gcc.h ****  *
  10:Drivers/CMSIS/Include/cmsis_gcc.h ****  * SPDX-License-Identifier: Apache-2.0
  11:Drivers/CMSIS/Include/cmsis_gcc.h ****  *
  12:Drivers/CMSIS/Include/cmsis_gcc.h ****  * Licensed under the Apache License, Version 2.0 (the License); you may
  13:Drivers/CMSIS/Include/cmsis_gcc.h ****  * not use this file except in compliance with the License.
  14:Drivers/CMSIS/Include/cmsis_gcc.h ****  * You may obtain a copy of the License at
  15:Drivers/CMSIS/Include/cmsis_gcc.h ****  *
  16:Drivers/CMSIS/Include/cmsis_gcc.h ****  * www.apache.org/licenses/LICENSE-2.0
  17:Drivers/CMSIS/Include/cmsis_gcc.h ****  *
  18:Drivers/CMSIS/Include/cmsis_gcc.h ****  * Unless required by applicable law or agreed to in writing, software
  19:Drivers/CMSIS/Include/cmsis_gcc.h ****  * distributed under the License is distributed on an AS IS BASIS, WITHOUT
  20:Drivers/CMSIS/Include/cmsis_gcc.h ****  * WARRANTIES OR CONDITIONS OF ANY KIND, either express or implied.
  21:Drivers/CMSIS/Include/cmsis_gcc.h ****  * See the License for the specific language governing permissions and
  22:Drivers/CMSIS/Include/cmsis_gcc.h ****  * limitations under the License.
  23:Drivers/CMSIS/Include/cmsis_gcc.h ****  */
  24:Drivers/CMSIS/Include/cmsis_gcc.h **** 
  25:Drivers/CMSIS/Include/cmsis_gcc.h **** #ifndef __CMSIS_GCC_H
  26:Drivers/CMSIS/Include/cmsis_gcc.h **** #define __CMSIS_GCC_H
  27:Drivers/CMSIS/Include/cmsis_gcc.h **** 
  28:Drivers/CMSIS/Include/cmsis_gcc.h **** /* ignore some GCC warnings */
  29:Drivers/CMSIS/Include/cmsis_gcc.h **** #pragma GCC diagnostic push
  30:Drivers/CMSIS/Include/cmsis_gcc.h **** #pragma GCC diagnostic ignored "-Wsign-conversion"
  31:Drivers/CMSIS/Include/cmsis_gcc.h **** #pragma GCC diagnostic ignored "-Wconversion"
  32:Drivers/CMSIS/Include/cmsis_gcc.h **** #pragma GCC diagnostic ignored "-Wunused-parameter"
  33:Drivers/CMSIS/Include/cmsis_gcc.h **** 
  34:Drivers/CMSIS/Include/cmsis_gcc.h **** /* Fallback for __has_builtin */
  35:Drivers/CMSIS/Include/cmsis_gcc.h **** #ifndef __has_builtin
  36:Drivers/CMSIS/Include/cmsis_gcc.h ****   #define __has_builtin(x) (0)
  37:Drivers/CMSIS/Include/cmsis_gcc.h **** #endif
  38:Drivers/CMSIS/Include/cmsis_gcc.h **** 
  39:Drivers/CMSIS/Include/cmsis_gcc.h **** /* CMSIS compiler specific defines */
  40:Drivers/CMSIS/Include/cmsis_gcc.h **** #ifndef   __ASM
  41:Drivers/CMSIS/Include/cmsis_gcc.h ****   #define __ASM                                  __asm
  42:Drivers/CMSIS/Include/cmsis_gcc.h **** #endif
  43:Drivers/CMSIS/Include/cmsis_gcc.h **** #ifndef   __INLINE
  44:Drivers/CMSIS/Include/cmsis_gcc.h ****   #define __INLINE                               inline
  45:Drivers/CMSIS/Include/cmsis_gcc.h **** #endif
  46:Drivers/CMSIS/Include/cmsis_gcc.h **** #ifndef   __STATIC_INLINE
  47:Drivers/CMSIS/Include/cmsis_gcc.h ****   #define __STATIC_INLINE                        static inline
  48:Drivers/CMSIS/Include/cmsis_gcc.h **** #endif
  49:Drivers/CMSIS/Include/cmsis_gcc.h **** #ifndef   __STATIC_FORCEINLINE                 
  50:Drivers/CMSIS/Include/cmsis_gcc.h ****   #define __STATIC_FORCEINLINE                   __attribute__((always_inline)) static inline
  51:Drivers/CMSIS/Include/cmsis_gcc.h **** #endif                                           
  52:Drivers/CMSIS/Include/cmsis_gcc.h **** #ifndef   __NO_RETURN
  53:Drivers/CMSIS/Include/cmsis_gcc.h ****   #define __NO_RETURN                            __attribute__((__noreturn__))
  54:Drivers/CMSIS/Include/cmsis_gcc.h **** #endif
  55:Drivers/CMSIS/Include/cmsis_gcc.h **** #ifndef   __USED
ARM GAS  C:\Users\yukisaki\AppData\Local\Temp\ccwe8zXW.s 			page 8


  56:Drivers/CMSIS/Include/cmsis_gcc.h ****   #define __USED                                 __attribute__((used))
  57:Drivers/CMSIS/Include/cmsis_gcc.h **** #endif
  58:Drivers/CMSIS/Include/cmsis_gcc.h **** #ifndef   __WEAK
  59:Drivers/CMSIS/Include/cmsis_gcc.h ****   #define __WEAK                                 __attribute__((weak))
  60:Drivers/CMSIS/Include/cmsis_gcc.h **** #endif
  61:Drivers/CMSIS/Include/cmsis_gcc.h **** #ifndef   __PACKED
  62:Drivers/CMSIS/Include/cmsis_gcc.h ****   #define __PACKED                               __attribute__((packed, aligned(1)))
  63:Drivers/CMSIS/Include/cmsis_gcc.h **** #endif
  64:Drivers/CMSIS/Include/cmsis_gcc.h **** #ifndef   __PACKED_STRUCT
  65:Drivers/CMSIS/Include/cmsis_gcc.h ****   #define __PACKED_STRUCT                        struct __attribute__((packed, aligned(1)))
  66:Drivers/CMSIS/Include/cmsis_gcc.h **** #endif
  67:Drivers/CMSIS/Include/cmsis_gcc.h **** #ifndef   __PACKED_UNION
  68:Drivers/CMSIS/Include/cmsis_gcc.h ****   #define __PACKED_UNION                         union __attribute__((packed, aligned(1)))
  69:Drivers/CMSIS/Include/cmsis_gcc.h **** #endif
  70:Drivers/CMSIS/Include/cmsis_gcc.h **** #ifndef   __UNALIGNED_UINT32        /* deprecated */
  71:Drivers/CMSIS/Include/cmsis_gcc.h ****   #pragma GCC diagnostic push
  72:Drivers/CMSIS/Include/cmsis_gcc.h ****   #pragma GCC diagnostic ignored "-Wpacked"
  73:Drivers/CMSIS/Include/cmsis_gcc.h ****   #pragma GCC diagnostic ignored "-Wattributes"
  74:Drivers/CMSIS/Include/cmsis_gcc.h ****   struct __attribute__((packed)) T_UINT32 { uint32_t v; };
  75:Drivers/CMSIS/Include/cmsis_gcc.h ****   #pragma GCC diagnostic pop
  76:Drivers/CMSIS/Include/cmsis_gcc.h ****   #define __UNALIGNED_UINT32(x)                  (((struct T_UINT32 *)(x))->v)
  77:Drivers/CMSIS/Include/cmsis_gcc.h **** #endif
  78:Drivers/CMSIS/Include/cmsis_gcc.h **** #ifndef   __UNALIGNED_UINT16_WRITE
  79:Drivers/CMSIS/Include/cmsis_gcc.h ****   #pragma GCC diagnostic push
  80:Drivers/CMSIS/Include/cmsis_gcc.h ****   #pragma GCC diagnostic ignored "-Wpacked"
  81:Drivers/CMSIS/Include/cmsis_gcc.h ****   #pragma GCC diagnostic ignored "-Wattributes"
  82:Drivers/CMSIS/Include/cmsis_gcc.h ****   __PACKED_STRUCT T_UINT16_WRITE { uint16_t v; };
  83:Drivers/CMSIS/Include/cmsis_gcc.h ****   #pragma GCC diagnostic pop
  84:Drivers/CMSIS/Include/cmsis_gcc.h ****   #define __UNALIGNED_UINT16_WRITE(addr, val)    (void)((((struct T_UINT16_WRITE *)(void *)(addr))-
  85:Drivers/CMSIS/Include/cmsis_gcc.h **** #endif
  86:Drivers/CMSIS/Include/cmsis_gcc.h **** #ifndef   __UNALIGNED_UINT16_READ
  87:Drivers/CMSIS/Include/cmsis_gcc.h ****   #pragma GCC diagnostic push
  88:Drivers/CMSIS/Include/cmsis_gcc.h ****   #pragma GCC diagnostic ignored "-Wpacked"
  89:Drivers/CMSIS/Include/cmsis_gcc.h ****   #pragma GCC diagnostic ignored "-Wattributes"
  90:Drivers/CMSIS/Include/cmsis_gcc.h ****   __PACKED_STRUCT T_UINT16_READ { uint16_t v; };
  91:Drivers/CMSIS/Include/cmsis_gcc.h ****   #pragma GCC diagnostic pop
  92:Drivers/CMSIS/Include/cmsis_gcc.h ****   #define __UNALIGNED_UINT16_READ(addr)          (((const struct T_UINT16_READ *)(const void *)(add
  93:Drivers/CMSIS/Include/cmsis_gcc.h **** #endif
  94:Drivers/CMSIS/Include/cmsis_gcc.h **** #ifndef   __UNALIGNED_UINT32_WRITE
  95:Drivers/CMSIS/Include/cmsis_gcc.h ****   #pragma GCC diagnostic push
  96:Drivers/CMSIS/Include/cmsis_gcc.h ****   #pragma GCC diagnostic ignored "-Wpacked"
  97:Drivers/CMSIS/Include/cmsis_gcc.h ****   #pragma GCC diagnostic ignored "-Wattributes"
  98:Drivers/CMSIS/Include/cmsis_gcc.h ****   __PACKED_STRUCT T_UINT32_WRITE { uint32_t v; };
  99:Drivers/CMSIS/Include/cmsis_gcc.h ****   #pragma GCC diagnostic pop
 100:Drivers/CMSIS/Include/cmsis_gcc.h ****   #define __UNALIGNED_UINT32_WRITE(addr, val)    (void)((((struct T_UINT32_WRITE *)(void *)(addr))-
 101:Drivers/CMSIS/Include/cmsis_gcc.h **** #endif
 102:Drivers/CMSIS/Include/cmsis_gcc.h **** #ifndef   __UNALIGNED_UINT32_READ
 103:Drivers/CMSIS/Include/cmsis_gcc.h ****   #pragma GCC diagnostic push
 104:Drivers/CMSIS/Include/cmsis_gcc.h ****   #pragma GCC diagnostic ignored "-Wpacked"
 105:Drivers/CMSIS/Include/cmsis_gcc.h ****   #pragma GCC diagnostic ignored "-Wattributes"
 106:Drivers/CMSIS/Include/cmsis_gcc.h ****   __PACKED_STRUCT T_UINT32_READ { uint32_t v; };
 107:Drivers/CMSIS/Include/cmsis_gcc.h ****   #pragma GCC diagnostic pop
 108:Drivers/CMSIS/Include/cmsis_gcc.h ****   #define __UNALIGNED_UINT32_READ(addr)          (((const struct T_UINT32_READ *)(const void *)(add
 109:Drivers/CMSIS/Include/cmsis_gcc.h **** #endif
 110:Drivers/CMSIS/Include/cmsis_gcc.h **** #ifndef   __ALIGNED
 111:Drivers/CMSIS/Include/cmsis_gcc.h ****   #define __ALIGNED(x)                           __attribute__((aligned(x)))
 112:Drivers/CMSIS/Include/cmsis_gcc.h **** #endif
ARM GAS  C:\Users\yukisaki\AppData\Local\Temp\ccwe8zXW.s 			page 9


 113:Drivers/CMSIS/Include/cmsis_gcc.h **** #ifndef   __RESTRICT
 114:Drivers/CMSIS/Include/cmsis_gcc.h ****   #define __RESTRICT                             __restrict
 115:Drivers/CMSIS/Include/cmsis_gcc.h **** #endif
 116:Drivers/CMSIS/Include/cmsis_gcc.h **** 
 117:Drivers/CMSIS/Include/cmsis_gcc.h **** 
 118:Drivers/CMSIS/Include/cmsis_gcc.h **** /* ###########################  Core Function Access  ########################### */
 119:Drivers/CMSIS/Include/cmsis_gcc.h **** /** \ingroup  CMSIS_Core_FunctionInterface
 120:Drivers/CMSIS/Include/cmsis_gcc.h ****     \defgroup CMSIS_Core_RegAccFunctions CMSIS Core Register Access Functions
 121:Drivers/CMSIS/Include/cmsis_gcc.h ****   @{
 122:Drivers/CMSIS/Include/cmsis_gcc.h ****  */
 123:Drivers/CMSIS/Include/cmsis_gcc.h **** 
 124:Drivers/CMSIS/Include/cmsis_gcc.h **** /**
 125:Drivers/CMSIS/Include/cmsis_gcc.h ****   \brief   Enable IRQ Interrupts
 126:Drivers/CMSIS/Include/cmsis_gcc.h ****   \details Enables IRQ interrupts by clearing the I-bit in the CPSR.
 127:Drivers/CMSIS/Include/cmsis_gcc.h ****            Can only be executed in Privileged modes.
 128:Drivers/CMSIS/Include/cmsis_gcc.h ****  */
 129:Drivers/CMSIS/Include/cmsis_gcc.h **** __STATIC_FORCEINLINE void __enable_irq(void)
 130:Drivers/CMSIS/Include/cmsis_gcc.h **** {
 131:Drivers/CMSIS/Include/cmsis_gcc.h ****   __ASM volatile ("cpsie i" : : : "memory");
 132:Drivers/CMSIS/Include/cmsis_gcc.h **** }
 133:Drivers/CMSIS/Include/cmsis_gcc.h **** 
 134:Drivers/CMSIS/Include/cmsis_gcc.h **** 
 135:Drivers/CMSIS/Include/cmsis_gcc.h **** /**
 136:Drivers/CMSIS/Include/cmsis_gcc.h ****   \brief   Disable IRQ Interrupts
 137:Drivers/CMSIS/Include/cmsis_gcc.h ****   \details Disables IRQ interrupts by setting the I-bit in the CPSR.
 138:Drivers/CMSIS/Include/cmsis_gcc.h ****            Can only be executed in Privileged modes.
 139:Drivers/CMSIS/Include/cmsis_gcc.h ****  */
 140:Drivers/CMSIS/Include/cmsis_gcc.h **** __STATIC_FORCEINLINE void __disable_irq(void)
  97              		.loc 2 140 27 view .LVU16
  98              	.LBB7:
 141:Drivers/CMSIS/Include/cmsis_gcc.h **** {
 142:Drivers/CMSIS/Include/cmsis_gcc.h ****   __ASM volatile ("cpsid i" : : : "memory");
  99              		.loc 2 142 3 view .LVU17
 100              		.syntax unified
 101              	@ 142 "Drivers/CMSIS/Include/cmsis_gcc.h" 1
 102 0000 72B6     		cpsid i
 103              	@ 0 "" 2
 104              		.thumb
 105              		.syntax unified
 106              	.L6:
 107              	.LBE7:
 108              	.LBE6:
 252:Core/Src/main.c ****   while (1)
 109              		.loc 1 252 3 view .LVU18
 253:Core/Src/main.c ****   {
 254:Core/Src/main.c ****   }
 110              		.loc 1 254 3 view .LVU19
 252:Core/Src/main.c ****   while (1)
 111              		.loc 1 252 9 view .LVU20
 112 0002 FEE7     		b	.L6
 113              		.cfi_endproc
 114              	.LFE69:
 116              		.section	.text.MX_USART1_UART_Init,"ax",%progbits
 117              		.align	1
 118              		.syntax unified
 119              		.thumb
 120              		.thumb_func
ARM GAS  C:\Users\yukisaki\AppData\Local\Temp\ccwe8zXW.s 			page 10


 122              	MX_USART1_UART_Init:
 123              	.LFB67:
 194:Core/Src/main.c **** 
 124              		.loc 1 194 1 view -0
 125              		.cfi_startproc
 126              		@ args = 0, pretend = 0, frame = 0
 127              		@ frame_needed = 0, uses_anonymous_args = 0
 128 0000 08B5     		push	{r3, lr}
 129              	.LCFI2:
 130              		.cfi_def_cfa_offset 8
 131              		.cfi_offset 3, -8
 132              		.cfi_offset 14, -4
 203:Core/Src/main.c ****   huart1.Init.BaudRate = 115200;
 133              		.loc 1 203 3 view .LVU22
 203:Core/Src/main.c ****   huart1.Init.BaudRate = 115200;
 134              		.loc 1 203 19 is_stmt 0 view .LVU23
 135 0002 0A48     		ldr	r0, .L11
 136 0004 0A4B     		ldr	r3, .L11+4
 137 0006 0360     		str	r3, [r0]
 204:Core/Src/main.c ****   huart1.Init.WordLength = UART_WORDLENGTH_8B;
 138              		.loc 1 204 3 is_stmt 1 view .LVU24
 204:Core/Src/main.c ****   huart1.Init.WordLength = UART_WORDLENGTH_8B;
 139              		.loc 1 204 24 is_stmt 0 view .LVU25
 140 0008 4FF4E133 		mov	r3, #115200
 141 000c 4360     		str	r3, [r0, #4]
 205:Core/Src/main.c ****   huart1.Init.StopBits = UART_STOPBITS_1;
 142              		.loc 1 205 3 is_stmt 1 view .LVU26
 205:Core/Src/main.c ****   huart1.Init.StopBits = UART_STOPBITS_1;
 143              		.loc 1 205 26 is_stmt 0 view .LVU27
 144 000e 0023     		movs	r3, #0
 145 0010 8360     		str	r3, [r0, #8]
 206:Core/Src/main.c ****   huart1.Init.Parity = UART_PARITY_NONE;
 146              		.loc 1 206 3 is_stmt 1 view .LVU28
 206:Core/Src/main.c ****   huart1.Init.Parity = UART_PARITY_NONE;
 147              		.loc 1 206 24 is_stmt 0 view .LVU29
 148 0012 C360     		str	r3, [r0, #12]
 207:Core/Src/main.c ****   huart1.Init.Mode = UART_MODE_TX_RX;
 149              		.loc 1 207 3 is_stmt 1 view .LVU30
 207:Core/Src/main.c ****   huart1.Init.Mode = UART_MODE_TX_RX;
 150              		.loc 1 207 22 is_stmt 0 view .LVU31
 151 0014 0361     		str	r3, [r0, #16]
 208:Core/Src/main.c ****   huart1.Init.HwFlowCtl = UART_HWCONTROL_NONE;
 152              		.loc 1 208 3 is_stmt 1 view .LVU32
 208:Core/Src/main.c ****   huart1.Init.HwFlowCtl = UART_HWCONTROL_NONE;
 153              		.loc 1 208 20 is_stmt 0 view .LVU33
 154 0016 0C22     		movs	r2, #12
 155 0018 4261     		str	r2, [r0, #20]
 209:Core/Src/main.c ****   huart1.Init.OverSampling = UART_OVERSAMPLING_16;
 156              		.loc 1 209 3 is_stmt 1 view .LVU34
 209:Core/Src/main.c ****   huart1.Init.OverSampling = UART_OVERSAMPLING_16;
 157              		.loc 1 209 25 is_stmt 0 view .LVU35
 158 001a 8361     		str	r3, [r0, #24]
 210:Core/Src/main.c ****   if (HAL_UART_Init(&huart1) != HAL_OK)
 159              		.loc 1 210 3 is_stmt 1 view .LVU36
 210:Core/Src/main.c ****   if (HAL_UART_Init(&huart1) != HAL_OK)
 160              		.loc 1 210 28 is_stmt 0 view .LVU37
 161 001c C361     		str	r3, [r0, #28]
ARM GAS  C:\Users\yukisaki\AppData\Local\Temp\ccwe8zXW.s 			page 11


 211:Core/Src/main.c ****   {
 162              		.loc 1 211 3 is_stmt 1 view .LVU38
 211:Core/Src/main.c ****   {
 163              		.loc 1 211 7 is_stmt 0 view .LVU39
 164 001e FFF7FEFF 		bl	HAL_UART_Init
 165              	.LVL0:
 211:Core/Src/main.c ****   {
 166              		.loc 1 211 6 discriminator 1 view .LVU40
 167 0022 00B9     		cbnz	r0, .L10
 219:Core/Src/main.c **** 
 168              		.loc 1 219 1 view .LVU41
 169 0024 08BD     		pop	{r3, pc}
 170              	.L10:
 213:Core/Src/main.c ****   }
 171              		.loc 1 213 5 is_stmt 1 view .LVU42
 172 0026 FFF7FEFF 		bl	Error_Handler
 173              	.LVL1:
 174              	.L12:
 175 002a 00BF     		.align	2
 176              	.L11:
 177 002c 00000000 		.word	huart1
 178 0030 00380140 		.word	1073821696
 179              		.cfi_endproc
 180              	.LFE67:
 182              		.section	.text.SystemClock_Config,"ax",%progbits
 183              		.align	1
 184              		.global	SystemClock_Config
 185              		.syntax unified
 186              		.thumb
 187              		.thumb_func
 189              	SystemClock_Config:
 190              	.LFB66:
 154:Core/Src/main.c ****   RCC_OscInitTypeDef RCC_OscInitStruct = {0};
 191              		.loc 1 154 1 view -0
 192              		.cfi_startproc
 193              		@ args = 0, pretend = 0, frame = 64
 194              		@ frame_needed = 0, uses_anonymous_args = 0
 195 0000 00B5     		push	{lr}
 196              	.LCFI3:
 197              		.cfi_def_cfa_offset 4
 198              		.cfi_offset 14, -4
 199 0002 91B0     		sub	sp, sp, #68
 200              	.LCFI4:
 201              		.cfi_def_cfa_offset 72
 155:Core/Src/main.c ****   RCC_ClkInitTypeDef RCC_ClkInitStruct = {0};
 202              		.loc 1 155 3 view .LVU44
 155:Core/Src/main.c ****   RCC_ClkInitTypeDef RCC_ClkInitStruct = {0};
 203              		.loc 1 155 22 is_stmt 0 view .LVU45
 204 0004 2822     		movs	r2, #40
 205 0006 0021     		movs	r1, #0
 206 0008 06A8     		add	r0, sp, #24
 207 000a FFF7FEFF 		bl	memset
 208              	.LVL2:
 156:Core/Src/main.c **** 
 209              		.loc 1 156 3 is_stmt 1 view .LVU46
 156:Core/Src/main.c **** 
 210              		.loc 1 156 22 is_stmt 0 view .LVU47
ARM GAS  C:\Users\yukisaki\AppData\Local\Temp\ccwe8zXW.s 			page 12


 211 000e 0023     		movs	r3, #0
 212 0010 0193     		str	r3, [sp, #4]
 213 0012 0293     		str	r3, [sp, #8]
 214 0014 0393     		str	r3, [sp, #12]
 215 0016 0493     		str	r3, [sp, #16]
 216 0018 0593     		str	r3, [sp, #20]
 161:Core/Src/main.c ****   RCC_OscInitStruct.HSEState = RCC_HSE_ON;
 217              		.loc 1 161 3 is_stmt 1 view .LVU48
 161:Core/Src/main.c ****   RCC_OscInitStruct.HSEState = RCC_HSE_ON;
 218              		.loc 1 161 36 is_stmt 0 view .LVU49
 219 001a 0122     		movs	r2, #1
 220 001c 0692     		str	r2, [sp, #24]
 162:Core/Src/main.c ****   RCC_OscInitStruct.HSEPredivValue = RCC_HSE_PREDIV_DIV1;
 221              		.loc 1 162 3 is_stmt 1 view .LVU50
 162:Core/Src/main.c ****   RCC_OscInitStruct.HSEPredivValue = RCC_HSE_PREDIV_DIV1;
 222              		.loc 1 162 30 is_stmt 0 view .LVU51
 223 001e 4FF48033 		mov	r3, #65536
 224 0022 0793     		str	r3, [sp, #28]
 163:Core/Src/main.c ****   RCC_OscInitStruct.HSIState = RCC_HSI_ON;
 225              		.loc 1 163 3 is_stmt 1 view .LVU52
 164:Core/Src/main.c ****   RCC_OscInitStruct.PLL.PLLState = RCC_PLL_ON;
 226              		.loc 1 164 3 view .LVU53
 164:Core/Src/main.c ****   RCC_OscInitStruct.PLL.PLLState = RCC_PLL_ON;
 227              		.loc 1 164 30 is_stmt 0 view .LVU54
 228 0024 0A92     		str	r2, [sp, #40]
 165:Core/Src/main.c ****   RCC_OscInitStruct.PLL.PLLSource = RCC_PLLSOURCE_HSE;
 229              		.loc 1 165 3 is_stmt 1 view .LVU55
 165:Core/Src/main.c ****   RCC_OscInitStruct.PLL.PLLSource = RCC_PLLSOURCE_HSE;
 230              		.loc 1 165 34 is_stmt 0 view .LVU56
 231 0026 0222     		movs	r2, #2
 232 0028 0D92     		str	r2, [sp, #52]
 166:Core/Src/main.c ****   RCC_OscInitStruct.PLL.PLLMUL = RCC_PLL_MUL9;
 233              		.loc 1 166 3 is_stmt 1 view .LVU57
 166:Core/Src/main.c ****   RCC_OscInitStruct.PLL.PLLMUL = RCC_PLL_MUL9;
 234              		.loc 1 166 35 is_stmt 0 view .LVU58
 235 002a 0E93     		str	r3, [sp, #56]
 167:Core/Src/main.c ****   if (HAL_RCC_OscConfig(&RCC_OscInitStruct) != HAL_OK)
 236              		.loc 1 167 3 is_stmt 1 view .LVU59
 167:Core/Src/main.c ****   if (HAL_RCC_OscConfig(&RCC_OscInitStruct) != HAL_OK)
 237              		.loc 1 167 32 is_stmt 0 view .LVU60
 238 002c 4FF4E013 		mov	r3, #1835008
 239 0030 0F93     		str	r3, [sp, #60]
 168:Core/Src/main.c ****   {
 240              		.loc 1 168 3 is_stmt 1 view .LVU61
 168:Core/Src/main.c ****   {
 241              		.loc 1 168 7 is_stmt 0 view .LVU62
 242 0032 06A8     		add	r0, sp, #24
 243 0034 FFF7FEFF 		bl	HAL_RCC_OscConfig
 244              	.LVL3:
 168:Core/Src/main.c ****   {
 245              		.loc 1 168 6 discriminator 1 view .LVU63
 246 0038 80B9     		cbnz	r0, .L17
 175:Core/Src/main.c ****                               |RCC_CLOCKTYPE_PCLK1|RCC_CLOCKTYPE_PCLK2;
 247              		.loc 1 175 3 is_stmt 1 view .LVU64
 175:Core/Src/main.c ****                               |RCC_CLOCKTYPE_PCLK1|RCC_CLOCKTYPE_PCLK2;
 248              		.loc 1 175 31 is_stmt 0 view .LVU65
 249 003a 0F23     		movs	r3, #15
ARM GAS  C:\Users\yukisaki\AppData\Local\Temp\ccwe8zXW.s 			page 13


 250 003c 0193     		str	r3, [sp, #4]
 177:Core/Src/main.c ****   RCC_ClkInitStruct.AHBCLKDivider = RCC_SYSCLK_DIV1;
 251              		.loc 1 177 3 is_stmt 1 view .LVU66
 177:Core/Src/main.c ****   RCC_ClkInitStruct.AHBCLKDivider = RCC_SYSCLK_DIV1;
 252              		.loc 1 177 34 is_stmt 0 view .LVU67
 253 003e 0221     		movs	r1, #2
 254 0040 0291     		str	r1, [sp, #8]
 178:Core/Src/main.c ****   RCC_ClkInitStruct.APB1CLKDivider = RCC_HCLK_DIV2;
 255              		.loc 1 178 3 is_stmt 1 view .LVU68
 178:Core/Src/main.c ****   RCC_ClkInitStruct.APB1CLKDivider = RCC_HCLK_DIV2;
 256              		.loc 1 178 35 is_stmt 0 view .LVU69
 257 0042 0023     		movs	r3, #0
 258 0044 0393     		str	r3, [sp, #12]
 179:Core/Src/main.c ****   RCC_ClkInitStruct.APB2CLKDivider = RCC_HCLK_DIV1;
 259              		.loc 1 179 3 is_stmt 1 view .LVU70
 179:Core/Src/main.c ****   RCC_ClkInitStruct.APB2CLKDivider = RCC_HCLK_DIV1;
 260              		.loc 1 179 36 is_stmt 0 view .LVU71
 261 0046 4FF48062 		mov	r2, #1024
 262 004a 0492     		str	r2, [sp, #16]
 180:Core/Src/main.c **** 
 263              		.loc 1 180 3 is_stmt 1 view .LVU72
 180:Core/Src/main.c **** 
 264              		.loc 1 180 36 is_stmt 0 view .LVU73
 265 004c 0593     		str	r3, [sp, #20]
 182:Core/Src/main.c ****   {
 266              		.loc 1 182 3 is_stmt 1 view .LVU74
 182:Core/Src/main.c ****   {
 267              		.loc 1 182 7 is_stmt 0 view .LVU75
 268 004e 01A8     		add	r0, sp, #4
 269 0050 FFF7FEFF 		bl	HAL_RCC_ClockConfig
 270              	.LVL4:
 182:Core/Src/main.c ****   {
 271              		.loc 1 182 6 discriminator 1 view .LVU76
 272 0054 20B9     		cbnz	r0, .L18
 186:Core/Src/main.c **** 
 273              		.loc 1 186 1 view .LVU77
 274 0056 11B0     		add	sp, sp, #68
 275              	.LCFI5:
 276              		.cfi_remember_state
 277              		.cfi_def_cfa_offset 4
 278              		@ sp needed
 279 0058 5DF804FB 		ldr	pc, [sp], #4
 280              	.L17:
 281              	.LCFI6:
 282              		.cfi_restore_state
 170:Core/Src/main.c ****   }
 283              		.loc 1 170 5 is_stmt 1 view .LVU78
 284 005c FFF7FEFF 		bl	Error_Handler
 285              	.LVL5:
 286              	.L18:
 184:Core/Src/main.c ****   }
 287              		.loc 1 184 5 view .LVU79
 288 0060 FFF7FEFF 		bl	Error_Handler
 289              	.LVL6:
 290              		.cfi_endproc
 291              	.LFE66:
 293              		.global	__aeabi_fadd
ARM GAS  C:\Users\yukisaki\AppData\Local\Temp\ccwe8zXW.s 			page 14


 294              		.global	__aeabi_fsub
 295              		.section	.text.main,"ax",%progbits
 296              		.align	1
 297              		.global	main
 298              		.syntax unified
 299              		.thumb
 300              		.thumb_func
 302              	main:
 303              	.LFB65:
  81:Core/Src/main.c **** 
 304              		.loc 1 81 1 view -0
 305              		.cfi_startproc
 306              		@ Volatile: function does not return.
 307              		@ args = 0, pretend = 0, frame = 0
 308              		@ frame_needed = 0, uses_anonymous_args = 0
 309 0000 00B5     		push	{lr}
 310              	.LCFI7:
 311              		.cfi_def_cfa_offset 4
 312              		.cfi_offset 14, -4
 313 0002 83B0     		sub	sp, sp, #12
 314              	.LCFI8:
 315              		.cfi_def_cfa_offset 16
  90:Core/Src/main.c **** 
 316              		.loc 1 90 3 view .LVU81
 317 0004 FFF7FEFF 		bl	HAL_Init
 318              	.LVL7:
  97:Core/Src/main.c **** 
 319              		.loc 1 97 3 view .LVU82
 320 0008 FFF7FEFF 		bl	SystemClock_Config
 321              	.LVL8:
 104:Core/Src/main.c ****   MX_USART1_UART_Init();
 322              		.loc 1 104 3 view .LVU83
 323 000c FFF7FEFF 		bl	MX_GPIO_Init
 324              	.LVL9:
 105:Core/Src/main.c ****   /* USER CODE BEGIN 2 */
 325              		.loc 1 105 3 view .LVU84
 326 0010 FFF7FEFF 		bl	MX_USART1_UART_Init
 327              	.LVL10:
 107:Core/Src/main.c ****   Motor_Object_Init(&Motor);
 328              		.loc 1 107 3 view .LVU85
 329 0014 4820     		movs	r0, #72
 330 0016 FFF7FEFF 		bl	DWT_Init
 331              	.LVL11:
 108:Core/Src/main.c ****   pid_init(&PID,KP,KI,KD,I_TOP,I_BOTTOM);
 332              		.loc 1 108 3 view .LVU86
 333 001a 2148     		ldr	r0, .L22
 334 001c FFF7FEFF 		bl	Motor_Object_Init
 335              	.LVL12:
 109:Core/Src/main.c **** 
 336              		.loc 1 109 3 view .LVU87
 337 0020 2049     		ldr	r1, .L22+4
 338 0022 214B     		ldr	r3, .L22+8
 339 0024 0193     		str	r3, [sp, #4]	@ float
 340 0026 214B     		ldr	r3, .L22+12
 341 0028 0093     		str	r3, [sp]	@ float
 342 002a 0B46     		mov	r3, r1
 343 002c 0A46     		mov	r2, r1
ARM GAS  C:\Users\yukisaki\AppData\Local\Temp\ccwe8zXW.s 			page 15


 344 002e 2048     		ldr	r0, .L22+16
 345 0030 FFF7FEFF 		bl	pid_init
 346              	.LVL13:
 111:Core/Src/main.c **** 
 347              		.loc 1 111 3 view .LVU88
 111:Core/Src/main.c **** 
 348              		.loc 1 111 7 is_stmt 0 view .LVU89
 349 0034 1F4B     		ldr	r3, .L22+20
 350 0036 4FF07E52 		mov	r2, #1065353216
 351 003a 1A60     		str	r2, [r3]	@ float
 352              	.L20:
 117:Core/Src/main.c ****   {
 353              		.loc 1 117 3 is_stmt 1 view .LVU90
 119:Core/Src/main.c ****     t += dt;
 354              		.loc 1 119 5 view .LVU91
 119:Core/Src/main.c ****     t += dt;
 355              		.loc 1 119 10 is_stmt 0 view .LVU92
 356 003c 1E48     		ldr	r0, .L22+24
 357 003e FFF7FEFF 		bl	DWT_GetDeltaT
 358              	.LVL14:
 359 0042 0146     		mov	r1, r0
 119:Core/Src/main.c ****     t += dt;
 360              		.loc 1 119 8 discriminator 1 view .LVU93
 361 0044 1D4D     		ldr	r5, .L22+28
 362 0046 2860     		str	r0, [r5]	@ float
 120:Core/Src/main.c ****     current = Get_Motor_Current(&Motor);//读取电机电流
 363              		.loc 1 120 5 is_stmt 1 view .LVU94
 120:Core/Src/main.c ****     current = Get_Motor_Current(&Motor);//读取电机电流
 364              		.loc 1 120 7 is_stmt 0 view .LVU95
 365 0048 1D4C     		ldr	r4, .L22+32
 366 004a 2068     		ldr	r0, [r4]	@ float
 367 004c FFF7FEFF 		bl	__aeabi_fadd
 368              	.LVL15:
 369 0050 2060     		str	r0, [r4]	@ float
 121:Core/Src/main.c ****     velocity = Get_Motor_Velocity(&Motor);//读取电机转速
 370              		.loc 1 121 5 is_stmt 1 view .LVU96
 121:Core/Src/main.c ****     velocity = Get_Motor_Velocity(&Motor);//读取电机转速
 371              		.loc 1 121 15 is_stmt 0 view .LVU97
 372 0052 134C     		ldr	r4, .L22
 373 0054 2046     		mov	r0, r4
 374 0056 FFF7FEFF 		bl	Get_Motor_Current
 375              	.LVL16:
 121:Core/Src/main.c ****     velocity = Get_Motor_Velocity(&Motor);//读取电机转速
 376              		.loc 1 121 13 discriminator 1 view .LVU98
 377 005a 1A4B     		ldr	r3, .L22+36
 378 005c 1860     		str	r0, [r3]	@ float
 122:Core/Src/main.c ****     angle = Get_Motor_Angle(&Motor);//读取电机角度
 379              		.loc 1 122 5 is_stmt 1 view .LVU99
 122:Core/Src/main.c ****     angle = Get_Motor_Angle(&Motor);//读取电机角度
 380              		.loc 1 122 16 is_stmt 0 view .LVU100
 381 005e 2046     		mov	r0, r4
 382 0060 FFF7FEFF 		bl	Get_Motor_Velocity
 383              	.LVL17:
 122:Core/Src/main.c ****     angle = Get_Motor_Angle(&Motor);//读取电机角度
 384              		.loc 1 122 14 discriminator 1 view .LVU101
 385 0064 184E     		ldr	r6, .L22+40
 386 0066 3060     		str	r0, [r6]	@ float
ARM GAS  C:\Users\yukisaki\AppData\Local\Temp\ccwe8zXW.s 			page 16


 123:Core/Src/main.c **** 
 387              		.loc 1 123 5 is_stmt 1 view .LVU102
 123:Core/Src/main.c **** 
 388              		.loc 1 123 13 is_stmt 0 view .LVU103
 389 0068 2046     		mov	r0, r4
 390 006a FFF7FEFF 		bl	Get_Motor_Angle
 391              	.LVL18:
 123:Core/Src/main.c **** 
 392              		.loc 1 123 11 discriminator 1 view .LVU104
 393 006e 174B     		ldr	r3, .L22+44
 394 0070 1860     		str	r0, [r3]	@ float
 125:Core/Src/main.c ****     {
 395              		.loc 1 125 5 is_stmt 1 view .LVU105
 128:Core/Src/main.c ****       break;
 396              		.loc 1 128 7 view .LVU106
 128:Core/Src/main.c ****       break;
 397              		.loc 1 128 17 is_stmt 0 view .LVU107
 398 0072 3168     		ldr	r1, [r6]	@ float
 399 0074 0F4B     		ldr	r3, .L22+20
 400 0076 1868     		ldr	r0, [r3]	@ float
 401 0078 FFF7FEFF 		bl	__aeabi_fsub
 402              	.LVL19:
 403 007c 0146     		mov	r1, r0
 128:Core/Src/main.c ****       break;
 404              		.loc 1 128 11 view .LVU108
 405 007e 144B     		ldr	r3, .L22+48
 406 0080 1860     		str	r0, [r3]	@ float
 129:Core/Src/main.c ****     
 407              		.loc 1 129 7 is_stmt 1 view .LVU109
 139:Core/Src/main.c ****     Motor_Simulation(&Motor,input,dt);
 408              		.loc 1 139 5 view .LVU110
 139:Core/Src/main.c ****     Motor_Simulation(&Motor,input,dt);
 409              		.loc 1 139 13 is_stmt 0 view .LVU111
 410 0082 0B48     		ldr	r0, .L22+16
 411 0084 FFF7FEFF 		bl	pid_calc
 412              	.LVL20:
 413 0088 0146     		mov	r1, r0
 139:Core/Src/main.c ****     Motor_Simulation(&Motor,input,dt);
 414              		.loc 1 139 11 discriminator 1 view .LVU112
 415 008a 124B     		ldr	r3, .L22+52
 416 008c 1860     		str	r0, [r3]	@ float
 140:Core/Src/main.c ****     /* USER CODE END WHILE */
 417              		.loc 1 140 5 is_stmt 1 view .LVU113
 418 008e 2A68     		ldr	r2, [r5]	@ float
 419 0090 2046     		mov	r0, r4
 420 0092 FFF7FEFF 		bl	Motor_Simulation
 421              	.LVL21:
 144:Core/Src/main.c ****   }
 422              		.loc 1 144 5 view .LVU114
 423 0096 0120     		movs	r0, #1
 424 0098 FFF7FEFF 		bl	HAL_Delay
 425              	.LVL22:
 117:Core/Src/main.c ****   {
 426              		.loc 1 117 9 view .LVU115
 427 009c CEE7     		b	.L20
 428              	.L23:
 429 009e 00BF     		.align	2
ARM GAS  C:\Users\yukisaki\AppData\Local\Temp\ccwe8zXW.s 			page 17


 430              	.L22:
 431 00a0 00000000 		.word	Motor
 432 00a4 0AD7233C 		.word	1008981770
 433 00a8 000020C1 		.word	-1054867456
 434 00ac 00002041 		.word	1092616192
 435 00b0 00000000 		.word	PID
 436 00b4 00000000 		.word	tgt
 437 00b8 00000000 		.word	DWT_CNT
 438 00bc 00000000 		.word	dt
 439 00c0 00000000 		.word	t
 440 00c4 00000000 		.word	current
 441 00c8 00000000 		.word	velocity
 442 00cc 00000000 		.word	angle
 443 00d0 00000000 		.word	err
 444 00d4 00000000 		.word	input
 445              		.cfi_endproc
 446              	.LFE65:
 448              		.global	tgt
 449              		.section	.bss.tgt,"aw",%nobits
 450              		.align	2
 453              	tgt:
 454 0000 00000000 		.space	4
 455              		.global	err
 456              		.section	.bss.err,"aw",%nobits
 457              		.align	2
 460              	err:
 461 0000 00000000 		.space	4
 462              		.global	input
 463              		.section	.bss.input,"aw",%nobits
 464              		.align	2
 467              	input:
 468 0000 00000000 		.space	4
 469              		.global	angle
 470              		.section	.bss.angle,"aw",%nobits
 471              		.align	2
 474              	angle:
 475 0000 00000000 		.space	4
 476              		.global	velocity
 477              		.section	.bss.velocity,"aw",%nobits
 478              		.align	2
 481              	velocity:
 482 0000 00000000 		.space	4
 483              		.global	current
 484              		.section	.bss.current,"aw",%nobits
 485              		.align	2
 488              	current:
 489 0000 00000000 		.space	4
 490              		.global	t
 491              		.section	.bss.t,"aw",%nobits
 492              		.align	2
 495              	t:
 496 0000 00000000 		.space	4
 497              		.global	dt
 498              		.section	.bss.dt,"aw",%nobits
 499              		.align	2
 502              	dt:
 503 0000 00000000 		.space	4
ARM GAS  C:\Users\yukisaki\AppData\Local\Temp\ccwe8zXW.s 			page 18


 504              		.global	DWT_CNT
 505              		.section	.bss.DWT_CNT,"aw",%nobits
 506              		.align	2
 509              	DWT_CNT:
 510 0000 00000000 		.space	4
 511              		.global	PID
 512              		.section	.bss.PID,"aw",%nobits
 513              		.align	2
 516              	PID:
 517 0000 00000000 		.space	20
 517      00000000 
 517      00000000 
 517      00000000 
 517      00000000 
 518              		.global	Motor
 519              		.section	.bss.Motor,"aw",%nobits
 520              		.align	2
 523              	Motor:
 524 0000 00000000 		.space	80
 524      00000000 
 524      00000000 
 524      00000000 
 524      00000000 
 525              		.global	huart1
 526              		.section	.bss.huart1,"aw",%nobits
 527              		.align	2
 530              	huart1:
 531 0000 00000000 		.space	72
 531      00000000 
 531      00000000 
 531      00000000 
 531      00000000 
 532              		.text
 533              	.Letext0:
 534              		.file 3 "C:/msys64/mingw64/arm-none-eabi/include/machine/_default_types.h"
 535              		.file 4 "C:/msys64/mingw64/arm-none-eabi/include/sys/_stdint.h"
 536              		.file 5 "Drivers/CMSIS/Device/ST/STM32F1xx/Include/stm32f103xe.h"
 537              		.file 6 "Drivers/STM32F1xx_HAL_Driver/Inc/stm32f1xx_hal_def.h"
 538              		.file 7 "Drivers/STM32F1xx_HAL_Driver/Inc/stm32f1xx_hal_rcc.h"
 539              		.file 8 "Drivers/STM32F1xx_HAL_Driver/Inc/stm32f1xx_hal_rcc_ex.h"
 540              		.file 9 "Drivers/STM32F1xx_HAL_Driver/Inc/stm32f1xx_hal_dma.h"
 541              		.file 10 "Drivers/STM32F1xx_HAL_Driver/Inc/stm32f1xx_hal_uart.h"
 542              		.file 11 "Core/Inc/motor_simulation.h"
 543              		.file 12 "Core/Inc/pid.h"
 544              		.file 13 "Drivers/STM32F1xx_HAL_Driver/Inc/stm32f1xx_hal.h"
 545              		.file 14 "Core/Inc/bsp_dwt.h"
 546              		.file 15 "<built-in>"
ARM GAS  C:\Users\yukisaki\AppData\Local\Temp\ccwe8zXW.s 			page 19


DEFINED SYMBOLS
                            *ABS*:00000000 main.c
C:\Users\yukisaki\AppData\Local\Temp\ccwe8zXW.s:19     .text.MX_GPIO_Init:00000000 $t
C:\Users\yukisaki\AppData\Local\Temp\ccwe8zXW.s:24     .text.MX_GPIO_Init:00000000 MX_GPIO_Init
C:\Users\yukisaki\AppData\Local\Temp\ccwe8zXW.s:74     .text.MX_GPIO_Init:0000002c $d
C:\Users\yukisaki\AppData\Local\Temp\ccwe8zXW.s:79     .text.Error_Handler:00000000 $t
C:\Users\yukisaki\AppData\Local\Temp\ccwe8zXW.s:85     .text.Error_Handler:00000000 Error_Handler
C:\Users\yukisaki\AppData\Local\Temp\ccwe8zXW.s:117    .text.MX_USART1_UART_Init:00000000 $t
C:\Users\yukisaki\AppData\Local\Temp\ccwe8zXW.s:122    .text.MX_USART1_UART_Init:00000000 MX_USART1_UART_Init
C:\Users\yukisaki\AppData\Local\Temp\ccwe8zXW.s:177    .text.MX_USART1_UART_Init:0000002c $d
C:\Users\yukisaki\AppData\Local\Temp\ccwe8zXW.s:530    .bss.huart1:00000000 huart1
C:\Users\yukisaki\AppData\Local\Temp\ccwe8zXW.s:183    .text.SystemClock_Config:00000000 $t
C:\Users\yukisaki\AppData\Local\Temp\ccwe8zXW.s:189    .text.SystemClock_Config:00000000 SystemClock_Config
C:\Users\yukisaki\AppData\Local\Temp\ccwe8zXW.s:296    .text.main:00000000 $t
C:\Users\yukisaki\AppData\Local\Temp\ccwe8zXW.s:302    .text.main:00000000 main
C:\Users\yukisaki\AppData\Local\Temp\ccwe8zXW.s:431    .text.main:000000a0 $d
C:\Users\yukisaki\AppData\Local\Temp\ccwe8zXW.s:523    .bss.Motor:00000000 Motor
C:\Users\yukisaki\AppData\Local\Temp\ccwe8zXW.s:516    .bss.PID:00000000 PID
C:\Users\yukisaki\AppData\Local\Temp\ccwe8zXW.s:453    .bss.tgt:00000000 tgt
C:\Users\yukisaki\AppData\Local\Temp\ccwe8zXW.s:509    .bss.DWT_CNT:00000000 DWT_CNT
C:\Users\yukisaki\AppData\Local\Temp\ccwe8zXW.s:502    .bss.dt:00000000 dt
C:\Users\yukisaki\AppData\Local\Temp\ccwe8zXW.s:495    .bss.t:00000000 t
C:\Users\yukisaki\AppData\Local\Temp\ccwe8zXW.s:488    .bss.current:00000000 current
C:\Users\yukisaki\AppData\Local\Temp\ccwe8zXW.s:481    .bss.velocity:00000000 velocity
C:\Users\yukisaki\AppData\Local\Temp\ccwe8zXW.s:474    .bss.angle:00000000 angle
C:\Users\yukisaki\AppData\Local\Temp\ccwe8zXW.s:460    .bss.err:00000000 err
C:\Users\yukisaki\AppData\Local\Temp\ccwe8zXW.s:467    .bss.input:00000000 input
C:\Users\yukisaki\AppData\Local\Temp\ccwe8zXW.s:450    .bss.tgt:00000000 $d
C:\Users\yukisaki\AppData\Local\Temp\ccwe8zXW.s:457    .bss.err:00000000 $d
C:\Users\yukisaki\AppData\Local\Temp\ccwe8zXW.s:464    .bss.input:00000000 $d
C:\Users\yukisaki\AppData\Local\Temp\ccwe8zXW.s:471    .bss.angle:00000000 $d
C:\Users\yukisaki\AppData\Local\Temp\ccwe8zXW.s:478    .bss.velocity:00000000 $d
C:\Users\yukisaki\AppData\Local\Temp\ccwe8zXW.s:485    .bss.current:00000000 $d
C:\Users\yukisaki\AppData\Local\Temp\ccwe8zXW.s:492    .bss.t:00000000 $d
C:\Users\yukisaki\AppData\Local\Temp\ccwe8zXW.s:499    .bss.dt:00000000 $d
C:\Users\yukisaki\AppData\Local\Temp\ccwe8zXW.s:506    .bss.DWT_CNT:00000000 $d
C:\Users\yukisaki\AppData\Local\Temp\ccwe8zXW.s:513    .bss.PID:00000000 $d
C:\Users\yukisaki\AppData\Local\Temp\ccwe8zXW.s:520    .bss.Motor:00000000 $d
C:\Users\yukisaki\AppData\Local\Temp\ccwe8zXW.s:527    .bss.huart1:00000000 $d

UNDEFINED SYMBOLS
HAL_UART_Init
memset
HAL_RCC_OscConfig
HAL_RCC_ClockConfig
__aeabi_fadd
__aeabi_fsub
HAL_Init
DWT_Init
Motor_Object_Init
pid_init
DWT_GetDeltaT
Get_Motor_Current
Get_Motor_Velocity
Get_Motor_Angle
pid_calc
Motor_Simulation
ARM GAS  C:\Users\yukisaki\AppData\Local\Temp\ccwe8zXW.s 			page 20


HAL_Delay
