ARM GAS  C:\Users\yukisaki\AppData\Local\Temp\ccBQzSU5.s 			page 1


   1              		.cpu cortex-m3
   2              		.arch armv7-m
   3              		.fpu softvfp
   4              		.eabi_attribute 20, 1
   5              		.eabi_attribute 21, 1
   6              		.eabi_attribute 23, 3
   7              		.eabi_attribute 24, 1
   8              		.eabi_attribute 25, 1
   9              		.eabi_attribute 26, 1
  10              		.eabi_attribute 30, 1
  11              		.eabi_attribute 34, 1
  12              		.eabi_attribute 18, 4
  13              		.file	"stm32f1xx_hal_msp.c"
  14              		.text
  15              	.Ltext0:
  16              		.cfi_sections	.debug_frame
  17              		.file 1 "Core/Src/stm32f1xx_hal_msp.c"
  18              		.section	.text.HAL_MspInit,"ax",%progbits
  19              		.align	1
  20              		.global	HAL_MspInit
  21              		.syntax unified
  22              		.thumb
  23              		.thumb_func
  25              	HAL_MspInit:
  26              	.LFB65:
   1:Core/Src/stm32f1xx_hal_msp.c **** 
   2:Core/Src/stm32f1xx_hal_msp.c **** /* USER CODE BEGIN Header */
   3:Core/Src/stm32f1xx_hal_msp.c **** /**
   4:Core/Src/stm32f1xx_hal_msp.c ****   ******************************************************************************
   5:Core/Src/stm32f1xx_hal_msp.c ****   * @file         stm32f1xx_hal_msp.c
   6:Core/Src/stm32f1xx_hal_msp.c ****   * @brief        This file provides code for the MSP Initialization
   7:Core/Src/stm32f1xx_hal_msp.c ****   *               and de-Initialization codes.
   8:Core/Src/stm32f1xx_hal_msp.c ****   ******************************************************************************
   9:Core/Src/stm32f1xx_hal_msp.c ****   * @attention
  10:Core/Src/stm32f1xx_hal_msp.c ****   *
  11:Core/Src/stm32f1xx_hal_msp.c ****   * Copyright (c) 2025 STMicroelectronics.
  12:Core/Src/stm32f1xx_hal_msp.c ****   * All rights reserved.
  13:Core/Src/stm32f1xx_hal_msp.c ****   *
  14:Core/Src/stm32f1xx_hal_msp.c ****   * This software is licensed under terms that can be found in the LICENSE file
  15:Core/Src/stm32f1xx_hal_msp.c ****   * in the root directory of this software component.
  16:Core/Src/stm32f1xx_hal_msp.c ****   * If no LICENSE file comes with this software, it is provided AS-IS.
  17:Core/Src/stm32f1xx_hal_msp.c ****   *
  18:Core/Src/stm32f1xx_hal_msp.c ****   ******************************************************************************
  19:Core/Src/stm32f1xx_hal_msp.c ****   */
  20:Core/Src/stm32f1xx_hal_msp.c **** /* USER CODE END Header */
  21:Core/Src/stm32f1xx_hal_msp.c **** 
  22:Core/Src/stm32f1xx_hal_msp.c **** /* Includes ------------------------------------------------------------------*/
  23:Core/Src/stm32f1xx_hal_msp.c **** #include "main.h"
  24:Core/Src/stm32f1xx_hal_msp.c **** /* USER CODE BEGIN Includes */
  25:Core/Src/stm32f1xx_hal_msp.c **** 
  26:Core/Src/stm32f1xx_hal_msp.c **** /* USER CODE END Includes */
  27:Core/Src/stm32f1xx_hal_msp.c **** 
  28:Core/Src/stm32f1xx_hal_msp.c **** /* Private typedef -----------------------------------------------------------*/
  29:Core/Src/stm32f1xx_hal_msp.c **** /* USER CODE BEGIN TD */
  30:Core/Src/stm32f1xx_hal_msp.c **** 
  31:Core/Src/stm32f1xx_hal_msp.c **** /* USER CODE END TD */
  32:Core/Src/stm32f1xx_hal_msp.c **** 
ARM GAS  C:\Users\yukisaki\AppData\Local\Temp\ccBQzSU5.s 			page 2


  33:Core/Src/stm32f1xx_hal_msp.c **** /* Private define ------------------------------------------------------------*/
  34:Core/Src/stm32f1xx_hal_msp.c **** /* USER CODE BEGIN Define */
  35:Core/Src/stm32f1xx_hal_msp.c **** 
  36:Core/Src/stm32f1xx_hal_msp.c **** /* USER CODE END Define */
  37:Core/Src/stm32f1xx_hal_msp.c **** 
  38:Core/Src/stm32f1xx_hal_msp.c **** /* Private macro -------------------------------------------------------------*/
  39:Core/Src/stm32f1xx_hal_msp.c **** /* USER CODE BEGIN Macro */
  40:Core/Src/stm32f1xx_hal_msp.c **** 
  41:Core/Src/stm32f1xx_hal_msp.c **** /* USER CODE END Macro */
  42:Core/Src/stm32f1xx_hal_msp.c **** 
  43:Core/Src/stm32f1xx_hal_msp.c **** /* Private variables ---------------------------------------------------------*/
  44:Core/Src/stm32f1xx_hal_msp.c **** /* USER CODE BEGIN PV */
  45:Core/Src/stm32f1xx_hal_msp.c **** 
  46:Core/Src/stm32f1xx_hal_msp.c **** /* USER CODE END PV */
  47:Core/Src/stm32f1xx_hal_msp.c **** 
  48:Core/Src/stm32f1xx_hal_msp.c **** /* Private function prototypes -----------------------------------------------*/
  49:Core/Src/stm32f1xx_hal_msp.c **** /* USER CODE BEGIN PFP */
  50:Core/Src/stm32f1xx_hal_msp.c **** 
  51:Core/Src/stm32f1xx_hal_msp.c **** /* USER CODE END PFP */
  52:Core/Src/stm32f1xx_hal_msp.c **** 
  53:Core/Src/stm32f1xx_hal_msp.c **** /* External functions --------------------------------------------------------*/
  54:Core/Src/stm32f1xx_hal_msp.c **** /* USER CODE BEGIN ExternalFunctions */
  55:Core/Src/stm32f1xx_hal_msp.c **** 
  56:Core/Src/stm32f1xx_hal_msp.c **** /* USER CODE END ExternalFunctions */
  57:Core/Src/stm32f1xx_hal_msp.c **** 
  58:Core/Src/stm32f1xx_hal_msp.c **** /* USER CODE BEGIN 0 */
  59:Core/Src/stm32f1xx_hal_msp.c **** 
  60:Core/Src/stm32f1xx_hal_msp.c **** /* USER CODE END 0 */
  61:Core/Src/stm32f1xx_hal_msp.c **** /**
  62:Core/Src/stm32f1xx_hal_msp.c ****   * Initializes the Global MSP.
  63:Core/Src/stm32f1xx_hal_msp.c ****   */
  64:Core/Src/stm32f1xx_hal_msp.c **** void HAL_MspInit(void)
  65:Core/Src/stm32f1xx_hal_msp.c **** {
  27              		.loc 1 65 1 view -0
  28              		.cfi_startproc
  29              		@ args = 0, pretend = 0, frame = 8
  30              		@ frame_needed = 0, uses_anonymous_args = 0
  31              		@ link register save eliminated.
  32 0000 82B0     		sub	sp, sp, #8
  33              	.LCFI0:
  34              		.cfi_def_cfa_offset 8
  66:Core/Src/stm32f1xx_hal_msp.c **** 
  67:Core/Src/stm32f1xx_hal_msp.c ****   /* USER CODE BEGIN MspInit 0 */
  68:Core/Src/stm32f1xx_hal_msp.c **** 
  69:Core/Src/stm32f1xx_hal_msp.c ****   /* USER CODE END MspInit 0 */
  70:Core/Src/stm32f1xx_hal_msp.c **** 
  71:Core/Src/stm32f1xx_hal_msp.c ****   __HAL_RCC_AFIO_CLK_ENABLE();
  35              		.loc 1 71 3 view .LVU1
  36              	.LBB2:
  37              		.loc 1 71 3 view .LVU2
  38              		.loc 1 71 3 view .LVU3
  39 0002 0E4B     		ldr	r3, .L3
  40 0004 9A69     		ldr	r2, [r3, #24]
  41 0006 42F00102 		orr	r2, r2, #1
  42 000a 9A61     		str	r2, [r3, #24]
  43              		.loc 1 71 3 view .LVU4
  44 000c 9A69     		ldr	r2, [r3, #24]
ARM GAS  C:\Users\yukisaki\AppData\Local\Temp\ccBQzSU5.s 			page 3


  45 000e 02F00102 		and	r2, r2, #1
  46 0012 0092     		str	r2, [sp]
  47              		.loc 1 71 3 view .LVU5
  48 0014 009A     		ldr	r2, [sp]
  49              	.LBE2:
  50              		.loc 1 71 3 view .LVU6
  72:Core/Src/stm32f1xx_hal_msp.c ****   __HAL_RCC_PWR_CLK_ENABLE();
  51              		.loc 1 72 3 view .LVU7
  52              	.LBB3:
  53              		.loc 1 72 3 view .LVU8
  54              		.loc 1 72 3 view .LVU9
  55 0016 DA69     		ldr	r2, [r3, #28]
  56 0018 42F08052 		orr	r2, r2, #268435456
  57 001c DA61     		str	r2, [r3, #28]
  58              		.loc 1 72 3 view .LVU10
  59 001e DB69     		ldr	r3, [r3, #28]
  60 0020 03F08053 		and	r3, r3, #268435456
  61 0024 0193     		str	r3, [sp, #4]
  62              		.loc 1 72 3 view .LVU11
  63 0026 019B     		ldr	r3, [sp, #4]
  64              	.LBE3:
  65              		.loc 1 72 3 view .LVU12
  73:Core/Src/stm32f1xx_hal_msp.c **** 
  74:Core/Src/stm32f1xx_hal_msp.c ****   /* System interrupt init*/
  75:Core/Src/stm32f1xx_hal_msp.c **** 
  76:Core/Src/stm32f1xx_hal_msp.c ****   /** NOJTAG: JTAG-DP Disabled and SW-DP Enabled
  77:Core/Src/stm32f1xx_hal_msp.c ****   */
  78:Core/Src/stm32f1xx_hal_msp.c ****   __HAL_AFIO_REMAP_SWJ_NOJTAG();
  66              		.loc 1 78 3 view .LVU13
  67              	.LBB4:
  68              		.loc 1 78 3 view .LVU14
  69 0028 054A     		ldr	r2, .L3+4
  70 002a 5368     		ldr	r3, [r2, #4]
  71              	.LVL0:
  72              		.loc 1 78 3 view .LVU15
  73 002c 23F0E063 		bic	r3, r3, #117440512
  74              	.LVL1:
  75              		.loc 1 78 3 view .LVU16
  76 0030 43F00073 		orr	r3, r3, #33554432
  77              	.LVL2:
  78              		.loc 1 78 3 view .LVU17
  79 0034 5360     		str	r3, [r2, #4]
  80              	.LBE4:
  81              		.loc 1 78 3 view .LVU18
  79:Core/Src/stm32f1xx_hal_msp.c **** 
  80:Core/Src/stm32f1xx_hal_msp.c ****   /* USER CODE BEGIN MspInit 1 */
  81:Core/Src/stm32f1xx_hal_msp.c **** 
  82:Core/Src/stm32f1xx_hal_msp.c ****   /* USER CODE END MspInit 1 */
  83:Core/Src/stm32f1xx_hal_msp.c **** }
  82              		.loc 1 83 1 is_stmt 0 view .LVU19
  83 0036 02B0     		add	sp, sp, #8
  84              	.LCFI1:
  85              		.cfi_def_cfa_offset 0
  86              		@ sp needed
  87 0038 7047     		bx	lr
  88              	.L4:
  89 003a 00BF     		.align	2
ARM GAS  C:\Users\yukisaki\AppData\Local\Temp\ccBQzSU5.s 			page 4


  90              	.L3:
  91 003c 00100240 		.word	1073876992
  92 0040 00000140 		.word	1073807360
  93              		.cfi_endproc
  94              	.LFE65:
  96              		.section	.text.HAL_UART_MspInit,"ax",%progbits
  97              		.align	1
  98              		.global	HAL_UART_MspInit
  99              		.syntax unified
 100              		.thumb
 101              		.thumb_func
 103              	HAL_UART_MspInit:
 104              	.LVL3:
 105              	.LFB66:
  84:Core/Src/stm32f1xx_hal_msp.c **** 
  85:Core/Src/stm32f1xx_hal_msp.c **** /**
  86:Core/Src/stm32f1xx_hal_msp.c **** * @brief UART MSP Initialization
  87:Core/Src/stm32f1xx_hal_msp.c **** * This function configures the hardware resources used in this example
  88:Core/Src/stm32f1xx_hal_msp.c **** * @param huart: UART handle pointer
  89:Core/Src/stm32f1xx_hal_msp.c **** * @retval None
  90:Core/Src/stm32f1xx_hal_msp.c **** */
  91:Core/Src/stm32f1xx_hal_msp.c **** void HAL_UART_MspInit(UART_HandleTypeDef* huart)
  92:Core/Src/stm32f1xx_hal_msp.c **** {
 106              		.loc 1 92 1 is_stmt 1 view -0
 107              		.cfi_startproc
 108              		@ args = 0, pretend = 0, frame = 24
 109              		@ frame_needed = 0, uses_anonymous_args = 0
 110              		.loc 1 92 1 is_stmt 0 view .LVU21
 111 0000 30B5     		push	{r4, r5, lr}
 112              	.LCFI2:
 113              		.cfi_def_cfa_offset 12
 114              		.cfi_offset 4, -12
 115              		.cfi_offset 5, -8
 116              		.cfi_offset 14, -4
 117 0002 87B0     		sub	sp, sp, #28
 118              	.LCFI3:
 119              		.cfi_def_cfa_offset 40
  93:Core/Src/stm32f1xx_hal_msp.c ****   GPIO_InitTypeDef GPIO_InitStruct = {0};
 120              		.loc 1 93 3 is_stmt 1 view .LVU22
 121              		.loc 1 93 20 is_stmt 0 view .LVU23
 122 0004 0023     		movs	r3, #0
 123 0006 0293     		str	r3, [sp, #8]
 124 0008 0393     		str	r3, [sp, #12]
 125 000a 0493     		str	r3, [sp, #16]
 126 000c 0593     		str	r3, [sp, #20]
  94:Core/Src/stm32f1xx_hal_msp.c ****   if(huart->Instance==USART1)
 127              		.loc 1 94 3 is_stmt 1 view .LVU24
 128              		.loc 1 94 11 is_stmt 0 view .LVU25
 129 000e 0268     		ldr	r2, [r0]
 130              		.loc 1 94 5 view .LVU26
 131 0010 1B4B     		ldr	r3, .L9
 132 0012 9A42     		cmp	r2, r3
 133 0014 01D0     		beq	.L8
 134              	.LVL4:
 135              	.L5:
  95:Core/Src/stm32f1xx_hal_msp.c ****   {
  96:Core/Src/stm32f1xx_hal_msp.c ****   /* USER CODE BEGIN USART1_MspInit 0 */
ARM GAS  C:\Users\yukisaki\AppData\Local\Temp\ccBQzSU5.s 			page 5


  97:Core/Src/stm32f1xx_hal_msp.c **** 
  98:Core/Src/stm32f1xx_hal_msp.c ****   /* USER CODE END USART1_MspInit 0 */
  99:Core/Src/stm32f1xx_hal_msp.c ****     /* Peripheral clock enable */
 100:Core/Src/stm32f1xx_hal_msp.c ****     __HAL_RCC_USART1_CLK_ENABLE();
 101:Core/Src/stm32f1xx_hal_msp.c **** 
 102:Core/Src/stm32f1xx_hal_msp.c ****     __HAL_RCC_GPIOA_CLK_ENABLE();
 103:Core/Src/stm32f1xx_hal_msp.c ****     /**USART1 GPIO Configuration
 104:Core/Src/stm32f1xx_hal_msp.c ****     PA9     ------> USART1_TX
 105:Core/Src/stm32f1xx_hal_msp.c ****     PA10     ------> USART1_RX
 106:Core/Src/stm32f1xx_hal_msp.c ****     */
 107:Core/Src/stm32f1xx_hal_msp.c ****     GPIO_InitStruct.Pin = GPIO_PIN_9;
 108:Core/Src/stm32f1xx_hal_msp.c ****     GPIO_InitStruct.Mode = GPIO_MODE_AF_PP;
 109:Core/Src/stm32f1xx_hal_msp.c ****     GPIO_InitStruct.Speed = GPIO_SPEED_FREQ_HIGH;
 110:Core/Src/stm32f1xx_hal_msp.c ****     HAL_GPIO_Init(GPIOA, &GPIO_InitStruct);
 111:Core/Src/stm32f1xx_hal_msp.c **** 
 112:Core/Src/stm32f1xx_hal_msp.c ****     GPIO_InitStruct.Pin = GPIO_PIN_10;
 113:Core/Src/stm32f1xx_hal_msp.c ****     GPIO_InitStruct.Mode = GPIO_MODE_INPUT;
 114:Core/Src/stm32f1xx_hal_msp.c ****     GPIO_InitStruct.Pull = GPIO_NOPULL;
 115:Core/Src/stm32f1xx_hal_msp.c ****     HAL_GPIO_Init(GPIOA, &GPIO_InitStruct);
 116:Core/Src/stm32f1xx_hal_msp.c **** 
 117:Core/Src/stm32f1xx_hal_msp.c ****     /* USART1 interrupt Init */
 118:Core/Src/stm32f1xx_hal_msp.c ****     HAL_NVIC_SetPriority(USART1_IRQn, 0, 0);
 119:Core/Src/stm32f1xx_hal_msp.c ****     HAL_NVIC_EnableIRQ(USART1_IRQn);
 120:Core/Src/stm32f1xx_hal_msp.c ****   /* USER CODE BEGIN USART1_MspInit 1 */
 121:Core/Src/stm32f1xx_hal_msp.c **** 
 122:Core/Src/stm32f1xx_hal_msp.c ****   /* USER CODE END USART1_MspInit 1 */
 123:Core/Src/stm32f1xx_hal_msp.c **** 
 124:Core/Src/stm32f1xx_hal_msp.c ****   }
 125:Core/Src/stm32f1xx_hal_msp.c **** 
 126:Core/Src/stm32f1xx_hal_msp.c **** }
 136              		.loc 1 126 1 view .LVU27
 137 0016 07B0     		add	sp, sp, #28
 138              	.LCFI4:
 139              		.cfi_remember_state
 140              		.cfi_def_cfa_offset 12
 141              		@ sp needed
 142 0018 30BD     		pop	{r4, r5, pc}
 143              	.LVL5:
 144              	.L8:
 145              	.LCFI5:
 146              		.cfi_restore_state
 100:Core/Src/stm32f1xx_hal_msp.c **** 
 147              		.loc 1 100 5 is_stmt 1 view .LVU28
 148              	.LBB5:
 100:Core/Src/stm32f1xx_hal_msp.c **** 
 149              		.loc 1 100 5 view .LVU29
 100:Core/Src/stm32f1xx_hal_msp.c **** 
 150              		.loc 1 100 5 view .LVU30
 151 001a 03F55843 		add	r3, r3, #55296
 152 001e 9A69     		ldr	r2, [r3, #24]
 153 0020 42F48042 		orr	r2, r2, #16384
 154 0024 9A61     		str	r2, [r3, #24]
 100:Core/Src/stm32f1xx_hal_msp.c **** 
 155              		.loc 1 100 5 view .LVU31
 156 0026 9A69     		ldr	r2, [r3, #24]
 157 0028 02F48042 		and	r2, r2, #16384
 158 002c 0092     		str	r2, [sp]
ARM GAS  C:\Users\yukisaki\AppData\Local\Temp\ccBQzSU5.s 			page 6


 100:Core/Src/stm32f1xx_hal_msp.c **** 
 159              		.loc 1 100 5 view .LVU32
 160 002e 009A     		ldr	r2, [sp]
 161              	.LBE5:
 100:Core/Src/stm32f1xx_hal_msp.c **** 
 162              		.loc 1 100 5 view .LVU33
 102:Core/Src/stm32f1xx_hal_msp.c ****     /**USART1 GPIO Configuration
 163              		.loc 1 102 5 view .LVU34
 164              	.LBB6:
 102:Core/Src/stm32f1xx_hal_msp.c ****     /**USART1 GPIO Configuration
 165              		.loc 1 102 5 view .LVU35
 102:Core/Src/stm32f1xx_hal_msp.c ****     /**USART1 GPIO Configuration
 166              		.loc 1 102 5 view .LVU36
 167 0030 9A69     		ldr	r2, [r3, #24]
 168 0032 42F00402 		orr	r2, r2, #4
 169 0036 9A61     		str	r2, [r3, #24]
 102:Core/Src/stm32f1xx_hal_msp.c ****     /**USART1 GPIO Configuration
 170              		.loc 1 102 5 view .LVU37
 171 0038 9B69     		ldr	r3, [r3, #24]
 172 003a 03F00403 		and	r3, r3, #4
 173 003e 0193     		str	r3, [sp, #4]
 102:Core/Src/stm32f1xx_hal_msp.c ****     /**USART1 GPIO Configuration
 174              		.loc 1 102 5 view .LVU38
 175 0040 019B     		ldr	r3, [sp, #4]
 176              	.LBE6:
 102:Core/Src/stm32f1xx_hal_msp.c ****     /**USART1 GPIO Configuration
 177              		.loc 1 102 5 view .LVU39
 107:Core/Src/stm32f1xx_hal_msp.c ****     GPIO_InitStruct.Mode = GPIO_MODE_AF_PP;
 178              		.loc 1 107 5 view .LVU40
 107:Core/Src/stm32f1xx_hal_msp.c ****     GPIO_InitStruct.Mode = GPIO_MODE_AF_PP;
 179              		.loc 1 107 25 is_stmt 0 view .LVU41
 180 0042 4FF40073 		mov	r3, #512
 181 0046 0293     		str	r3, [sp, #8]
 108:Core/Src/stm32f1xx_hal_msp.c ****     GPIO_InitStruct.Speed = GPIO_SPEED_FREQ_HIGH;
 182              		.loc 1 108 5 is_stmt 1 view .LVU42
 108:Core/Src/stm32f1xx_hal_msp.c ****     GPIO_InitStruct.Speed = GPIO_SPEED_FREQ_HIGH;
 183              		.loc 1 108 26 is_stmt 0 view .LVU43
 184 0048 0223     		movs	r3, #2
 185 004a 0393     		str	r3, [sp, #12]
 109:Core/Src/stm32f1xx_hal_msp.c ****     HAL_GPIO_Init(GPIOA, &GPIO_InitStruct);
 186              		.loc 1 109 5 is_stmt 1 view .LVU44
 109:Core/Src/stm32f1xx_hal_msp.c ****     HAL_GPIO_Init(GPIOA, &GPIO_InitStruct);
 187              		.loc 1 109 27 is_stmt 0 view .LVU45
 188 004c 0323     		movs	r3, #3
 189 004e 0593     		str	r3, [sp, #20]
 110:Core/Src/stm32f1xx_hal_msp.c **** 
 190              		.loc 1 110 5 is_stmt 1 view .LVU46
 191 0050 0C4D     		ldr	r5, .L9+4
 192 0052 02A9     		add	r1, sp, #8
 193 0054 2846     		mov	r0, r5
 194              	.LVL6:
 110:Core/Src/stm32f1xx_hal_msp.c **** 
 195              		.loc 1 110 5 is_stmt 0 view .LVU47
 196 0056 FFF7FEFF 		bl	HAL_GPIO_Init
 197              	.LVL7:
 112:Core/Src/stm32f1xx_hal_msp.c ****     GPIO_InitStruct.Mode = GPIO_MODE_INPUT;
 198              		.loc 1 112 5 is_stmt 1 view .LVU48
ARM GAS  C:\Users\yukisaki\AppData\Local\Temp\ccBQzSU5.s 			page 7


 112:Core/Src/stm32f1xx_hal_msp.c ****     GPIO_InitStruct.Mode = GPIO_MODE_INPUT;
 199              		.loc 1 112 25 is_stmt 0 view .LVU49
 200 005a 4FF48063 		mov	r3, #1024
 201 005e 0293     		str	r3, [sp, #8]
 113:Core/Src/stm32f1xx_hal_msp.c ****     GPIO_InitStruct.Pull = GPIO_NOPULL;
 202              		.loc 1 113 5 is_stmt 1 view .LVU50
 113:Core/Src/stm32f1xx_hal_msp.c ****     GPIO_InitStruct.Pull = GPIO_NOPULL;
 203              		.loc 1 113 26 is_stmt 0 view .LVU51
 204 0060 0024     		movs	r4, #0
 205 0062 0394     		str	r4, [sp, #12]
 114:Core/Src/stm32f1xx_hal_msp.c ****     HAL_GPIO_Init(GPIOA, &GPIO_InitStruct);
 206              		.loc 1 114 5 is_stmt 1 view .LVU52
 114:Core/Src/stm32f1xx_hal_msp.c ****     HAL_GPIO_Init(GPIOA, &GPIO_InitStruct);
 207              		.loc 1 114 26 is_stmt 0 view .LVU53
 208 0064 0494     		str	r4, [sp, #16]
 115:Core/Src/stm32f1xx_hal_msp.c **** 
 209              		.loc 1 115 5 is_stmt 1 view .LVU54
 210 0066 02A9     		add	r1, sp, #8
 211 0068 2846     		mov	r0, r5
 212 006a FFF7FEFF 		bl	HAL_GPIO_Init
 213              	.LVL8:
 118:Core/Src/stm32f1xx_hal_msp.c ****     HAL_NVIC_EnableIRQ(USART1_IRQn);
 214              		.loc 1 118 5 view .LVU55
 215 006e 2246     		mov	r2, r4
 216 0070 2146     		mov	r1, r4
 217 0072 2520     		movs	r0, #37
 218 0074 FFF7FEFF 		bl	HAL_NVIC_SetPriority
 219              	.LVL9:
 119:Core/Src/stm32f1xx_hal_msp.c ****   /* USER CODE BEGIN USART1_MspInit 1 */
 220              		.loc 1 119 5 view .LVU56
 221 0078 2520     		movs	r0, #37
 222 007a FFF7FEFF 		bl	HAL_NVIC_EnableIRQ
 223              	.LVL10:
 224              		.loc 1 126 1 is_stmt 0 view .LVU57
 225 007e CAE7     		b	.L5
 226              	.L10:
 227              		.align	2
 228              	.L9:
 229 0080 00380140 		.word	1073821696
 230 0084 00080140 		.word	1073809408
 231              		.cfi_endproc
 232              	.LFE66:
 234              		.section	.text.HAL_UART_MspDeInit,"ax",%progbits
 235              		.align	1
 236              		.global	HAL_UART_MspDeInit
 237              		.syntax unified
 238              		.thumb
 239              		.thumb_func
 241              	HAL_UART_MspDeInit:
 242              	.LVL11:
 243              	.LFB67:
 127:Core/Src/stm32f1xx_hal_msp.c **** 
 128:Core/Src/stm32f1xx_hal_msp.c **** /**
 129:Core/Src/stm32f1xx_hal_msp.c **** * @brief UART MSP De-Initialization
 130:Core/Src/stm32f1xx_hal_msp.c **** * This function freeze the hardware resources used in this example
 131:Core/Src/stm32f1xx_hal_msp.c **** * @param huart: UART handle pointer
 132:Core/Src/stm32f1xx_hal_msp.c **** * @retval None
ARM GAS  C:\Users\yukisaki\AppData\Local\Temp\ccBQzSU5.s 			page 8


 133:Core/Src/stm32f1xx_hal_msp.c **** */
 134:Core/Src/stm32f1xx_hal_msp.c **** void HAL_UART_MspDeInit(UART_HandleTypeDef* huart)
 135:Core/Src/stm32f1xx_hal_msp.c **** {
 244              		.loc 1 135 1 is_stmt 1 view -0
 245              		.cfi_startproc
 246              		@ args = 0, pretend = 0, frame = 0
 247              		@ frame_needed = 0, uses_anonymous_args = 0
 248              		.loc 1 135 1 is_stmt 0 view .LVU59
 249 0000 08B5     		push	{r3, lr}
 250              	.LCFI6:
 251              		.cfi_def_cfa_offset 8
 252              		.cfi_offset 3, -8
 253              		.cfi_offset 14, -4
 136:Core/Src/stm32f1xx_hal_msp.c ****   if(huart->Instance==USART1)
 254              		.loc 1 136 3 is_stmt 1 view .LVU60
 255              		.loc 1 136 11 is_stmt 0 view .LVU61
 256 0002 0268     		ldr	r2, [r0]
 257              		.loc 1 136 5 view .LVU62
 258 0004 084B     		ldr	r3, .L15
 259 0006 9A42     		cmp	r2, r3
 260 0008 00D0     		beq	.L14
 261              	.LVL12:
 262              	.L11:
 137:Core/Src/stm32f1xx_hal_msp.c ****   {
 138:Core/Src/stm32f1xx_hal_msp.c ****   /* USER CODE BEGIN USART1_MspDeInit 0 */
 139:Core/Src/stm32f1xx_hal_msp.c **** 
 140:Core/Src/stm32f1xx_hal_msp.c ****   /* USER CODE END USART1_MspDeInit 0 */
 141:Core/Src/stm32f1xx_hal_msp.c ****     /* Peripheral clock disable */
 142:Core/Src/stm32f1xx_hal_msp.c ****     __HAL_RCC_USART1_CLK_DISABLE();
 143:Core/Src/stm32f1xx_hal_msp.c **** 
 144:Core/Src/stm32f1xx_hal_msp.c ****     /**USART1 GPIO Configuration
 145:Core/Src/stm32f1xx_hal_msp.c ****     PA9     ------> USART1_TX
 146:Core/Src/stm32f1xx_hal_msp.c ****     PA10     ------> USART1_RX
 147:Core/Src/stm32f1xx_hal_msp.c ****     */
 148:Core/Src/stm32f1xx_hal_msp.c ****     HAL_GPIO_DeInit(GPIOA, GPIO_PIN_9|GPIO_PIN_10);
 149:Core/Src/stm32f1xx_hal_msp.c **** 
 150:Core/Src/stm32f1xx_hal_msp.c ****     /* USART1 interrupt DeInit */
 151:Core/Src/stm32f1xx_hal_msp.c ****     HAL_NVIC_DisableIRQ(USART1_IRQn);
 152:Core/Src/stm32f1xx_hal_msp.c ****   /* USER CODE BEGIN USART1_MspDeInit 1 */
 153:Core/Src/stm32f1xx_hal_msp.c **** 
 154:Core/Src/stm32f1xx_hal_msp.c ****   /* USER CODE END USART1_MspDeInit 1 */
 155:Core/Src/stm32f1xx_hal_msp.c ****   }
 156:Core/Src/stm32f1xx_hal_msp.c **** 
 157:Core/Src/stm32f1xx_hal_msp.c **** }
 263              		.loc 1 157 1 view .LVU63
 264 000a 08BD     		pop	{r3, pc}
 265              	.LVL13:
 266              	.L14:
 142:Core/Src/stm32f1xx_hal_msp.c **** 
 267              		.loc 1 142 5 is_stmt 1 view .LVU64
 268 000c 074A     		ldr	r2, .L15+4
 269 000e 9369     		ldr	r3, [r2, #24]
 270 0010 23F48043 		bic	r3, r3, #16384
 271 0014 9361     		str	r3, [r2, #24]
 148:Core/Src/stm32f1xx_hal_msp.c **** 
 272              		.loc 1 148 5 view .LVU65
 273 0016 4FF4C061 		mov	r1, #1536
ARM GAS  C:\Users\yukisaki\AppData\Local\Temp\ccBQzSU5.s 			page 9


 274 001a 0548     		ldr	r0, .L15+8
 275              	.LVL14:
 148:Core/Src/stm32f1xx_hal_msp.c **** 
 276              		.loc 1 148 5 is_stmt 0 view .LVU66
 277 001c FFF7FEFF 		bl	HAL_GPIO_DeInit
 278              	.LVL15:
 151:Core/Src/stm32f1xx_hal_msp.c ****   /* USER CODE BEGIN USART1_MspDeInit 1 */
 279              		.loc 1 151 5 is_stmt 1 view .LVU67
 280 0020 2520     		movs	r0, #37
 281 0022 FFF7FEFF 		bl	HAL_NVIC_DisableIRQ
 282              	.LVL16:
 283              		.loc 1 157 1 is_stmt 0 view .LVU68
 284 0026 F0E7     		b	.L11
 285              	.L16:
 286              		.align	2
 287              	.L15:
 288 0028 00380140 		.word	1073821696
 289 002c 00100240 		.word	1073876992
 290 0030 00080140 		.word	1073809408
 291              		.cfi_endproc
 292              	.LFE67:
 294              		.text
 295              	.Letext0:
 296              		.file 2 "Drivers/CMSIS/Device/ST/STM32F1xx/Include/stm32f103xe.h"
 297              		.file 3 "C:/msys64/mingw64/arm-none-eabi/include/machine/_default_types.h"
 298              		.file 4 "C:/msys64/mingw64/arm-none-eabi/include/sys/_stdint.h"
 299              		.file 5 "Drivers/STM32F1xx_HAL_Driver/Inc/stm32f1xx_hal_def.h"
 300              		.file 6 "Drivers/STM32F1xx_HAL_Driver/Inc/stm32f1xx_hal_gpio.h"
 301              		.file 7 "Drivers/STM32F1xx_HAL_Driver/Inc/stm32f1xx_hal_dma.h"
 302              		.file 8 "Drivers/STM32F1xx_HAL_Driver/Inc/stm32f1xx_hal_uart.h"
 303              		.file 9 "Drivers/STM32F1xx_HAL_Driver/Inc/stm32f1xx_hal_cortex.h"
ARM GAS  C:\Users\yukisaki\AppData\Local\Temp\ccBQzSU5.s 			page 10


DEFINED SYMBOLS
                            *ABS*:00000000 stm32f1xx_hal_msp.c
C:\Users\yukisaki\AppData\Local\Temp\ccBQzSU5.s:19     .text.HAL_MspInit:00000000 $t
C:\Users\yukisaki\AppData\Local\Temp\ccBQzSU5.s:25     .text.HAL_MspInit:00000000 HAL_MspInit
C:\Users\yukisaki\AppData\Local\Temp\ccBQzSU5.s:91     .text.HAL_MspInit:0000003c $d
C:\Users\yukisaki\AppData\Local\Temp\ccBQzSU5.s:97     .text.HAL_UART_MspInit:00000000 $t
C:\Users\yukisaki\AppData\Local\Temp\ccBQzSU5.s:103    .text.HAL_UART_MspInit:00000000 HAL_UART_MspInit
C:\Users\yukisaki\AppData\Local\Temp\ccBQzSU5.s:229    .text.HAL_UART_MspInit:00000080 $d
C:\Users\yukisaki\AppData\Local\Temp\ccBQzSU5.s:235    .text.HAL_UART_MspDeInit:00000000 $t
C:\Users\yukisaki\AppData\Local\Temp\ccBQzSU5.s:241    .text.HAL_UART_MspDeInit:00000000 HAL_UART_MspDeInit
C:\Users\yukisaki\AppData\Local\Temp\ccBQzSU5.s:288    .text.HAL_UART_MspDeInit:00000028 $d

UNDEFINED SYMBOLS
HAL_GPIO_Init
HAL_NVIC_SetPriority
HAL_NVIC_EnableIRQ
HAL_GPIO_DeInit
HAL_NVIC_DisableIRQ
